{"/home/matthewh/chatty-commander/webui/frontend/src/components/ProtectedRoute.tsx": {"path":"/home/matthewh/chatty-commander/webui/frontend/src/components/ProtectedRoute.tsx","statementMap":{"0":{"start":{"line":9,"column":54},"end":{"line":22,"column":null}},"1":{"start":{"line":10,"column":32},"end":{"line":10,"column":null}},"2":{"start":{"line":13,"column":2},"end":{"line":15,"column":null}},"3":{"start":{"line":14,"column":4},"end":{"line":14,"column":null}},"4":{"start":{"line":17,"column":2},"end":{"line":19,"column":null}},"5":{"start":{"line":18,"column":4},"end":{"line":18,"column":null}},"6":{"start":{"line":21,"column":2},"end":{"line":21,"column":null}}},"fnMap":{"0":{"name":"(anonymous_0)","decl":{"start":{"line":9,"column":54},"end":{"line":9,"column":55}},"loc":{"start":{"line":9,"column":72},"end":{"line":22,"column":null}},"line":9}},"branchMap":{"0":{"loc":{"start":{"line":13,"column":2},"end":{"line":15,"column":null}},"type":"if","locations":[{"start":{"line":13,"column":2},"end":{"line":15,"column":null}},{"start":{},"end":{}}],"line":13},"1":{"loc":{"start":{"line":17,"column":2},"end":{"line":19,"column":null}},"type":"if","locations":[{"start":{"line":17,"column":2},"end":{"line":19,"column":null}},{"start":{},"end":{}}],"line":17}},"s":{"0":2,"1":2,"2":2,"3":0,"4":2,"5":1,"6":1},"f":{"0":2},"b":{"0":[0,2],"1":[1,1]},"meta":{"lastBranch":2,"lastFunction":1,"lastStatement":7,"seen":{"s:9:54:22:Infinity":0,"f:9:54:9:55":0,"s:10:32:10:Infinity":1,"b:13:2:15:Infinity:undefined:undefined:undefined:undefined":0,"s:13:2:15:Infinity":2,"s:14:4:14:Infinity":3,"b:17:2:19:Infinity:undefined:undefined:undefined:undefined":1,"s:17:2:19:Infinity":4,"s:18:4:18:Infinity":5,"s:21:2:21:Infinity":6}}}
,"/home/matthewh/chatty-commander/webui/frontend/src/components/WebSocketProvider.tsx": {"path":"/home/matthewh/chatty-commander/webui/frontend/src/components/WebSocketProvider.tsx","statementMap":{"0":{"start":{"line":11,"column":6},"end":{"line":13,"column":null}},"1":{"start":{"line":15,"column":74},"end":{"line":116,"column":null}},"2":{"start":{"line":18,"column":15},"end":{"line":18,"column":null}},"3":{"start":{"line":19,"column":18},"end":{"line":19,"column":null}},"4":{"start":{"line":20,"column":36},"end":{"line":20,"column":null}},"5":{"start":{"line":21,"column":46},"end":{"line":21,"column":null}},"6":{"start":{"line":22,"column":44},"end":{"line":22,"column":null}},"7":{"start":{"line":25,"column":8},"end":{"line":25,"column":null}},"8":{"start":{"line":26,"column":8},"end":{"line":26,"column":null}},"9":{"start":{"line":27,"column":8},"end":{"line":27,"column":null}},"10":{"start":{"line":28,"column":31},"end":{"line":28,"column":null}},"11":{"start":{"line":29,"column":29},"end":{"line":29,"column":null}},"12":{"start":{"line":31,"column":8},"end":{"line":86,"column":null}},"13":{"start":{"line":32,"column":4},"end":{"line":32,"column":null}},"14":{"start":{"line":32,"column":15},"end":{"line":32,"column":null}},"15":{"start":{"line":35,"column":21},"end":{"line":35,"column":null}},"16":{"start":{"line":36,"column":17},"end":{"line":36,"column":null}},"17":{"start":{"line":37,"column":16},"end":{"line":37,"column":null}},"18":{"start":{"line":40,"column":18},"end":{"line":40,"column":null}},"19":{"start":{"line":41,"column":4},"end":{"line":43,"column":null}},"20":{"start":{"line":42,"column":6},"end":{"line":42,"column":null}},"21":{"start":{"line":46,"column":19},"end":{"line":46,"column":null}},"22":{"start":{"line":48,"column":4},"end":{"line":53,"column":null}},"23":{"start":{"line":50,"column":6},"end":{"line":50,"column":null}},"24":{"start":{"line":51,"column":6},"end":{"line":51,"column":null}},"25":{"start":{"line":52,"column":6},"end":{"line":52,"column":null}},"26":{"start":{"line":55,"column":4},"end":{"line":75,"column":null}},"27":{"start":{"line":57,"column":6},"end":{"line":57,"column":null}},"28":{"start":{"line":58,"column":6},"end":{"line":58,"column":null}},"29":{"start":{"line":60,"column":6},"end":{"line":60,"column":null}},"30":{"start":{"line":60,"column":39},"end":{"line":60,"column":null}},"31":{"start":{"line":62,"column":6},"end":{"line":74,"column":null}},"32":{"start":{"line":63,"column":24},"end":{"line":63,"column":null}},"33":{"start":{"line":64,"column":22},"end":{"line":64,"column":null}},"34":{"start":{"line":67,"column":8},"end":{"line":71,"column":null}},"35":{"start":{"line":68,"column":10},"end":{"line":68,"column":null}},"36":{"start":{"line":69,"column":10},"end":{"line":69,"column":null}},"37":{"start":{"line":70,"column":10},"end":{"line":70,"column":null}},"38":{"start":{"line":77,"column":4},"end":{"line":79,"column":null}},"39":{"start":{"line":78,"column":6},"end":{"line":78,"column":null}},"40":{"start":{"line":81,"column":4},"end":{"line":83,"column":null}},"41":{"start":{"line":85,"column":4},"end":{"line":85,"column":null}},"42":{"start":{"line":88,"column":2},"end":{"line":109,"column":null}},"43":{"start":{"line":89,"column":4},"end":{"line":89,"column":null}},"44":{"start":{"line":89,"column":15},"end":{"line":89,"column":null}},"45":{"start":{"line":91,"column":4},"end":{"line":91,"column":null}},"46":{"start":{"line":92,"column":4},"end":{"line":92,"column":null}},"47":{"start":{"line":93,"column":4},"end":{"line":93,"column":null}},"48":{"start":{"line":95,"column":4},"end":{"line":108,"column":null}},"49":{"start":{"line":97,"column":6},"end":{"line":97,"column":null}},"50":{"start":{"line":98,"column":6},"end":{"line":100,"column":null}},"51":{"start":{"line":99,"column":8},"end":{"line":99,"column":null}},"52":{"start":{"line":101,"column":6},"end":{"line":107,"column":null}},"53":{"start":{"line":102,"column":8},"end":{"line":105,"column":null}},"54":{"start":{"line":103,"column":10},"end":{"line":103,"column":null}},"55":{"start":{"line":104,"column":10},"end":{"line":104,"column":null}},"56":{"start":{"line":106,"column":8},"end":{"line":106,"column":null}},"57":{"start":{"line":111,"column":2},"end":{"line":114,"column":null}},"58":{"start":{"line":118,"column":28},"end":{"line":124,"column":null}},"59":{"start":{"line":119,"column":8},"end":{"line":119,"column":null}},"60":{"start":{"line":120,"column":2},"end":{"line":122,"column":null}},"61":{"start":{"line":121,"column":4},"end":{"line":121,"column":null}},"62":{"start":{"line":123,"column":2},"end":{"line":123,"column":null}}},"fnMap":{"0":{"name":"(anonymous_0)","decl":{"start":{"line":15,"column":74},"end":{"line":15,"column":75}},"loc":{"start":{"line":17,"column":6},"end":{"line":116,"column":null}},"line":17},"1":{"name":"(anonymous_1)","decl":{"start":{"line":31,"column":30},"end":{"line":31,"column":36}},"loc":{"start":{"line":31,"column":36},"end":{"line":86,"column":5}},"line":31},"2":{"name":"(anonymous_2)","decl":{"start":{"line":48,"column":20},"end":{"line":48,"column":26}},"loc":{"start":{"line":48,"column":26},"end":{"line":53,"column":null}},"line":48},"3":{"name":"(anonymous_3)","decl":{"start":{"line":55,"column":21},"end":{"line":55,"column":22}},"loc":{"start":{"line":55,"column":29},"end":{"line":75,"column":null}},"line":55},"4":{"name":"(anonymous_4)","decl":{"start":{"line":67,"column":49},"end":{"line":67,"column":55}},"loc":{"start":{"line":67,"column":55},"end":{"line":71,"column":11}},"line":67},"5":{"name":"(anonymous_5)","decl":{"start":{"line":77,"column":23},"end":{"line":77,"column":29}},"loc":{"start":{"line":77,"column":29},"end":{"line":79,"column":null}},"line":77},"6":{"name":"(anonymous_6)","decl":{"start":{"line":81,"column":21},"end":{"line":81,"column":22}},"loc":{"start":{"line":81,"column":32},"end":{"line":83,"column":null}},"line":81},"7":{"name":"(anonymous_7)","decl":{"start":{"line":88,"column":12},"end":{"line":88,"column":18}},"loc":{"start":{"line":88,"column":18},"end":{"line":109,"column":5}},"line":88},"8":{"name":"(anonymous_8)","decl":{"start":{"line":95,"column":11},"end":{"line":95,"column":17}},"loc":{"start":{"line":95,"column":17},"end":{"line":108,"column":null}},"line":95},"9":{"name":"(anonymous_9)","decl":{"start":{"line":101,"column":12},"end":{"line":101,"column":13}},"loc":{"start":{"line":101,"column":25},"end":{"line":107,"column":7}},"line":101},"10":{"name":"(anonymous_10)","decl":{"start":{"line":118,"column":28},"end":{"line":118,"column":34}},"loc":{"start":{"line":118,"column":34},"end":{"line":124,"column":null}},"line":118}},"branchMap":{"0":{"loc":{"start":{"line":32,"column":4},"end":{"line":32,"column":null}},"type":"if","locations":[{"start":{"line":32,"column":4},"end":{"line":32,"column":null}},{"start":{},"end":{}}],"line":32},"1":{"loc":{"start":{"line":35,"column":21},"end":{"line":35,"column":null}},"type":"cond-expr","locations":[{"start":{"line":35,"column":61},"end":{"line":35,"column":70}},{"start":{"line":35,"column":70},"end":{"line":35,"column":null}}],"line":35},"2":{"loc":{"start":{"line":41,"column":4},"end":{"line":43,"column":null}},"type":"if","locations":[{"start":{"line":41,"column":4},"end":{"line":43,"column":null}},{"start":{},"end":{}}],"line":41},"3":{"loc":{"start":{"line":41,"column":8},"end":{"line":41,"column":31}},"type":"binary-expr","locations":[{"start":{"line":41,"column":8},"end":{"line":41,"column":17}},{"start":{"line":41,"column":17},"end":{"line":41,"column":31}}],"line":41},"4":{"loc":{"start":{"line":60,"column":6},"end":{"line":60,"column":null}},"type":"if","locations":[{"start":{"line":60,"column":6},"end":{"line":60,"column":null}},{"start":{},"end":{}}],"line":60},"5":{"loc":{"start":{"line":62,"column":6},"end":{"line":74,"column":null}},"type":"if","locations":[{"start":{"line":62,"column":6},"end":{"line":74,"column":null}},{"start":{"line":72,"column":13},"end":{"line":74,"column":null}}],"line":62},"6":{"loc":{"start":{"line":89,"column":4},"end":{"line":89,"column":null}},"type":"if","locations":[{"start":{"line":89,"column":4},"end":{"line":89,"column":null}},{"start":{},"end":{}}],"line":89},"7":{"loc":{"start":{"line":98,"column":6},"end":{"line":100,"column":null}},"type":"if","locations":[{"start":{"line":98,"column":6},"end":{"line":100,"column":null}},{"start":{},"end":{}}],"line":98},"8":{"loc":{"start":{"line":102,"column":8},"end":{"line":105,"column":null}},"type":"if","locations":[{"start":{"line":102,"column":8},"end":{"line":105,"column":null}},{"start":{},"end":{}}],"line":102},"9":{"loc":{"start":{"line":120,"column":2},"end":{"line":122,"column":null}},"type":"if","locations":[{"start":{"line":120,"column":2},"end":{"line":122,"column":null}},{"start":{},"end":{}}],"line":120}},"s":{"0":2,"1":2,"2":2,"3":2,"4":2,"5":2,"6":2,"7":2,"8":2,"9":2,"10":2,"11":2,"12":2,"13":0,"14":0,"15":0,"16":0,"17":0,"18":0,"19":0,"20":0,"21":0,"22":0,"23":0,"24":0,"25":0,"26":0,"27":0,"28":0,"29":0,"30":0,"31":0,"32":0,"33":0,"34":0,"35":0,"36":0,"37":0,"38":0,"39":0,"40":0,"41":0,"42":2,"43":2,"44":2,"45":0,"46":0,"47":0,"48":0,"49":0,"50":0,"51":0,"52":0,"53":0,"54":0,"55":0,"56":0,"57":2,"58":2,"59":0,"60":0,"61":0,"62":0},"f":{"0":2,"1":0,"2":0,"3":0,"4":0,"5":0,"6":0,"7":2,"8":0,"9":0,"10":0},"b":{"0":[0,0],"1":[0,0],"2":[0,0],"3":[0,0],"4":[0,0],"5":[0,0],"6":[2,0],"7":[0,0],"8":[0,0],"9":[0,0]},"meta":{"lastBranch":10,"lastFunction":11,"lastStatement":63,"seen":{"s:11:6:13:Infinity":0,"s:15:74:116:Infinity":1,"f:15:74:15:75":0,"s:18:15:18:Infinity":2,"s:19:18:19:Infinity":3,"s:20:36:20:Infinity":4,"s:21:46:21:Infinity":5,"s:22:44:22:Infinity":6,"s:25:8:25:Infinity":7,"s:26:8:26:Infinity":8,"s:27:8:27:Infinity":9,"s:28:31:28:Infinity":10,"s:29:29:29:Infinity":11,"s:31:8:86:Infinity":12,"f:31:30:31:36":1,"b:32:4:32:Infinity:undefined:undefined:undefined:undefined":0,"s:32:4:32:Infinity":13,"s:32:15:32:Infinity":14,"s:35:21:35:Infinity":15,"b:35:61:35:70:35:70:35:Infinity":1,"s:36:17:36:Infinity":16,"s:37:16:37:Infinity":17,"s:40:18:40:Infinity":18,"b:41:4:43:Infinity:undefined:undefined:undefined:undefined":2,"s:41:4:43:Infinity":19,"b:41:8:41:17:41:17:41:31":3,"s:42:6:42:Infinity":20,"s:46:19:46:Infinity":21,"s:48:4:53:Infinity":22,"f:48:20:48:26":2,"s:50:6:50:Infinity":23,"s:51:6:51:Infinity":24,"s:52:6:52:Infinity":25,"s:55:4:75:Infinity":26,"f:55:21:55:22":3,"s:57:6:57:Infinity":27,"s:58:6:58:Infinity":28,"b:60:6:60:Infinity:undefined:undefined:undefined:undefined":4,"s:60:6:60:Infinity":29,"s:60:39:60:Infinity":30,"b:62:6:74:Infinity:72:13:74:Infinity":5,"s:62:6:74:Infinity":31,"s:63:24:63:Infinity":32,"s:64:22:64:Infinity":33,"s:67:8:71:Infinity":34,"f:67:49:67:55":4,"s:68:10:68:Infinity":35,"s:69:10:69:Infinity":36,"s:70:10:70:Infinity":37,"s:77:4:79:Infinity":38,"f:77:23:77:29":5,"s:78:6:78:Infinity":39,"s:81:4:83:Infinity":40,"f:81:21:81:22":6,"s:85:4:85:Infinity":41,"s:88:2:109:Infinity":42,"f:88:12:88:18":7,"b:89:4:89:Infinity:undefined:undefined:undefined:undefined":6,"s:89:4:89:Infinity":43,"s:89:15:89:Infinity":44,"s:91:4:91:Infinity":45,"s:92:4:92:Infinity":46,"s:93:4:93:Infinity":47,"s:95:4:108:Infinity":48,"f:95:11:95:17":8,"s:97:6:97:Infinity":49,"b:98:6:100:Infinity:undefined:undefined:undefined:undefined":7,"s:98:6:100:Infinity":50,"s:99:8:99:Infinity":51,"s:101:6:107:Infinity":52,"f:101:12:101:13":9,"b:102:8:105:Infinity:undefined:undefined:undefined:undefined":8,"s:102:8:105:Infinity":53,"s:103:10:103:Infinity":54,"s:104:10:104:Infinity":55,"s:106:8:106:Infinity":56,"s:111:2:114:Infinity":57,"s:118:28:124:Infinity":58,"f:118:28:118:34":10,"s:119:8:119:Infinity":59,"b:120:2:122:Infinity:undefined:undefined:undefined:undefined":9,"s:120:2:122:Infinity":60,"s:121:4:121:Infinity":61,"s:123:2:123:Infinity":62}}}
,"/home/matthewh/chatty-commander/webui/frontend/src/components/DaisyUI/Badge.tsx": {"path":"/home/matthewh/chatty-commander/webui/frontend/src/components/DaisyUI/Badge.tsx","statementMap":{"0":{"start":{"line":15,"column":43},"end":{"line":41,"column":null}},"1":{"start":{"line":19,"column":23},"end":{"line":19,"column":null}},"2":{"start":{"line":21,"column":23},"end":{"line":32,"column":null}},"3":{"start":{"line":22,"column":4},"end":{"line":31,"column":null}},"4":{"start":{"line":24,"column":20},"end":{"line":24,"column":null}},"5":{"start":{"line":25,"column":17},"end":{"line":25,"column":null}},"6":{"start":{"line":27,"column":21},"end":{"line":27,"column":null}},"7":{"start":{"line":29,"column":20},"end":{"line":29,"column":null}},"8":{"start":{"line":30,"column":15},"end":{"line":30,"column":null}},"9":{"start":{"line":34,"column":2},"end":{"line":39,"column":null}},"10":{"start":{"line":43,"column":0},"end":{"line":43,"column":null}}},"fnMap":{"0":{"name":"(anonymous_0)","decl":{"start":{"line":15,"column":54},"end":{"line":15,"column":55}},"loc":{"start":{"line":18,"column":6},"end":{"line":41,"column":1}},"line":18},"1":{"name":"(anonymous_1)","decl":{"start":{"line":21,"column":23},"end":{"line":21,"column":29}},"loc":{"start":{"line":21,"column":29},"end":{"line":32,"column":null}},"line":21}},"branchMap":{"0":{"loc":{"start":{"line":16,"column":12},"end":{"line":16,"column":33}},"type":"default-arg","locations":[{"start":{"line":16,"column":22},"end":{"line":16,"column":33}}],"line":16},"1":{"loc":{"start":{"line":16,"column":33},"end":{"line":16,"column":46}},"type":"default-arg","locations":[{"start":{"line":16,"column":40},"end":{"line":16,"column":46}}],"line":16},"2":{"loc":{"start":{"line":16,"column":46},"end":{"line":16,"column":null}},"type":"default-arg","locations":[{"start":{"line":16,"column":59},"end":{"line":16,"column":null}}],"line":16},"3":{"loc":{"start":{"line":17,"column":16},"end":{"line":17,"column":32}},"type":"default-arg","locations":[{"start":{"line":17,"column":28},"end":{"line":17,"column":32}}],"line":17},"4":{"loc":{"start":{"line":17,"column":57},"end":{"line":17,"column":74}},"type":"default-arg","locations":[{"start":{"line":17,"column":64},"end":{"line":17,"column":74}}],"line":17},"5":{"loc":{"start":{"line":19,"column":23},"end":{"line":19,"column":null}},"type":"cond-expr","locations":[{"start":{"line":19,"column":50},"end":{"line":19,"column":85}},{"start":{"line":19,"column":85},"end":{"line":19,"column":null}}],"line":19},"6":{"loc":{"start":{"line":22,"column":4},"end":{"line":31,"column":null}},"type":"switch","locations":[{"start":{"line":23,"column":6},"end":{"line":23,"column":null}},{"start":{"line":24,"column":6},"end":{"line":24,"column":null}},{"start":{"line":25,"column":6},"end":{"line":25,"column":null}},{"start":{"line":26,"column":6},"end":{"line":26,"column":null}},{"start":{"line":27,"column":6},"end":{"line":27,"column":null}},{"start":{"line":28,"column":6},"end":{"line":28,"column":null}},{"start":{"line":29,"column":6},"end":{"line":29,"column":null}},{"start":{"line":30,"column":6},"end":{"line":30,"column":null}}],"line":22},"7":{"loc":{"start":{"line":36,"column":7},"end":{"line":36,"column":null}},"type":"binary-expr","locations":[{"start":{"line":36,"column":7},"end":{"line":36,"column":17}},{"start":{"line":36,"column":17},"end":{"line":36,"column":null}}],"line":36},"8":{"loc":{"start":{"line":37,"column":7},"end":{"line":37,"column":null}},"type":"binary-expr","locations":[{"start":{"line":37,"column":7},"end":{"line":37,"column":15}},{"start":{"line":37,"column":15},"end":{"line":37,"column":null}}],"line":37}},"s":{"0":1,"1":8,"2":8,"3":8,"4":1,"5":0,"6":6,"7":1,"8":0,"9":8,"10":1},"f":{"0":8,"1":8},"b":{"0":[8],"1":[8],"2":[8],"3":[8],"4":[8],"5":[1,7],"6":[0,1,0,6,6,1,1,0],"7":[8,0],"8":[8,1]},"meta":{"lastBranch":9,"lastFunction":2,"lastStatement":11,"seen":{"s:15:43:41:Infinity":0,"f:15:54:15:55":0,"b:16:22:16:33":0,"b:16:40:16:46":1,"b:16:59:16:Infinity":2,"b:17:28:17:32":3,"b:17:64:17:74":4,"s:19:23:19:Infinity":1,"b:19:50:19:85:19:85:19:Infinity":5,"s:21:23:32:Infinity":2,"f:21:23:21:29":1,"b:23:6:23:Infinity:24:6:24:Infinity:25:6:25:Infinity:26:6:26:Infinity:27:6:27:Infinity:28:6:28:Infinity:29:6:29:Infinity:30:6:30:Infinity":6,"s:22:4:31:Infinity":3,"s:24:20:24:Infinity":4,"s:25:17:25:Infinity":5,"s:27:21:27:Infinity":6,"s:29:20:29:Infinity":7,"s:30:15:30:Infinity":8,"s:34:2:39:Infinity":9,"b:36:7:36:17:36:17:36:Infinity":7,"b:37:7:37:15:37:15:37:Infinity":8,"s:43:0:43:Infinity":10}}}
,"/home/matthewh/chatty-commander/webui/frontend/src/components/DaisyUI/Button.tsx": {"path":"/home/matthewh/chatty-commander/webui/frontend/src/components/DaisyUI/Button.tsx","statementMap":{"0":{"start":{"line":25,"column":13},"end":{"line":111,"column":null}},"1":{"start":{"line":46,"column":26},"end":{"line":51,"column":null}},"2":{"start":{"line":47,"column":18},"end":{"line":47,"column":null}},"3":{"start":{"line":48,"column":4},"end":{"line":48,"column":null}},"4":{"start":{"line":48,"column":35},"end":{"line":48,"column":null}},"5":{"start":{"line":49,"column":4},"end":{"line":49,"column":null}},"6":{"start":{"line":49,"column":33},"end":{"line":49,"column":null}},"7":{"start":{"line":50,"column":4},"end":{"line":50,"column":null}},"8":{"start":{"line":53,"column":23},"end":{"line":60,"column":null}},"9":{"start":{"line":54,"column":4},"end":{"line":59,"column":null}},"10":{"start":{"line":55,"column":17},"end":{"line":55,"column":null}},"11":{"start":{"line":56,"column":17},"end":{"line":56,"column":null}},"12":{"start":{"line":57,"column":17},"end":{"line":57,"column":null}},"13":{"start":{"line":58,"column":15},"end":{"line":58,"column":null}},"14":{"start":{"line":62,"column":24},"end":{"line":70,"column":null}},"15":{"start":{"line":63,"column":4},"end":{"line":69,"column":null}},"16":{"start":{"line":64,"column":21},"end":{"line":64,"column":null}},"17":{"start":{"line":65,"column":21},"end":{"line":65,"column":null}},"18":{"start":{"line":66,"column":19},"end":{"line":66,"column":null}},"19":{"start":{"line":67,"column":20},"end":{"line":67,"column":null}},"20":{"start":{"line":68,"column":15},"end":{"line":68,"column":null}},"21":{"start":{"line":72,"column":30},"end":{"line":79,"column":null}},"22":{"start":{"line":73,"column":4},"end":{"line":78,"column":null}},"23":{"start":{"line":74,"column":17},"end":{"line":74,"column":null}},"24":{"start":{"line":75,"column":17},"end":{"line":75,"column":null}},"25":{"start":{"line":76,"column":17},"end":{"line":76,"column":null}},"26":{"start":{"line":77,"column":15},"end":{"line":77,"column":null}},"27":{"start":{"line":81,"column":22},"end":{"line":87,"column":null}},"28":{"start":{"line":82,"column":4},"end":{"line":85,"column":null}},"29":{"start":{"line":83,"column":6},"end":{"line":83,"column":null}},"30":{"start":{"line":84,"column":6},"end":{"line":84,"column":null}},"31":{"start":{"line":86,"column":4},"end":{"line":86,"column":null}},"32":{"start":{"line":89,"column":25},"end":{"line":89,"column":null}},"33":{"start":{"line":90,"column":17},"end":{"line":90,"column":null}},"34":{"start":{"line":91,"column":25},"end":{"line":91,"column":null}},"35":{"start":{"line":93,"column":28},"end":{"line":93,"column":null}},"36":{"start":{"line":95,"column":2},"end":{"line":109,"column":null}},"37":{"start":{"line":113,"column":0},"end":{"line":113,"column":null}}},"fnMap":{"0":{"name":"(anonymous_0)","decl":{"start":{"line":25,"column":27},"end":{"line":25,"column":28}},"loc":{"start":{"line":45,"column":19},"end":{"line":111,"column":1}},"line":45},"1":{"name":"(anonymous_1)","decl":{"start":{"line":46,"column":26},"end":{"line":46,"column":32}},"loc":{"start":{"line":46,"column":32},"end":{"line":51,"column":null}},"line":46},"2":{"name":"(anonymous_2)","decl":{"start":{"line":53,"column":23},"end":{"line":53,"column":29}},"loc":{"start":{"line":53,"column":29},"end":{"line":60,"column":null}},"line":53},"3":{"name":"(anonymous_3)","decl":{"start":{"line":62,"column":24},"end":{"line":62,"column":30}},"loc":{"start":{"line":62,"column":30},"end":{"line":70,"column":null}},"line":62},"4":{"name":"(anonymous_4)","decl":{"start":{"line":72,"column":30},"end":{"line":72,"column":36}},"loc":{"start":{"line":72,"column":36},"end":{"line":79,"column":null}},"line":72},"5":{"name":"(anonymous_5)","decl":{"start":{"line":81,"column":22},"end":{"line":81,"column":23}},"loc":{"start":{"line":81,"column":64},"end":{"line":87,"column":null}},"line":81}},"branchMap":{"0":{"loc":{"start":{"line":27,"column":2},"end":{"line":27,"column":null}},"type":"default-arg","locations":[{"start":{"line":27,"column":12},"end":{"line":27,"column":null}}],"line":27},"1":{"loc":{"start":{"line":28,"column":2},"end":{"line":28,"column":null}},"type":"default-arg","locations":[{"start":{"line":28,"column":9},"end":{"line":28,"column":null}}],"line":28},"2":{"loc":{"start":{"line":30,"column":2},"end":{"line":30,"column":null}},"type":"default-arg","locations":[{"start":{"line":30,"column":16},"end":{"line":30,"column":null}}],"line":30},"3":{"loc":{"start":{"line":31,"column":2},"end":{"line":31,"column":null}},"type":"default-arg","locations":[{"start":{"line":31,"column":12},"end":{"line":31,"column":null}}],"line":31},"4":{"loc":{"start":{"line":32,"column":2},"end":{"line":32,"column":null}},"type":"default-arg","locations":[{"start":{"line":32,"column":13},"end":{"line":32,"column":null}}],"line":32},"5":{"loc":{"start":{"line":33,"column":2},"end":{"line":33,"column":null}},"type":"default-arg","locations":[{"start":{"line":33,"column":11},"end":{"line":33,"column":null}}],"line":33},"6":{"loc":{"start":{"line":38,"column":2},"end":{"line":38,"column":null}},"type":"default-arg","locations":[{"start":{"line":38,"column":14},"end":{"line":38,"column":null}}],"line":38},"7":{"loc":{"start":{"line":40,"column":6},"end":{"line":40,"column":null}},"type":"default-arg","locations":[{"start":{"line":40,"column":18},"end":{"line":40,"column":null}}],"line":40},"8":{"loc":{"start":{"line":42,"column":2},"end":{"line":42,"column":null}},"type":"default-arg","locations":[{"start":{"line":42,"column":9},"end":{"line":42,"column":null}}],"line":42},"9":{"loc":{"start":{"line":48,"column":4},"end":{"line":48,"column":null}},"type":"if","locations":[{"start":{"line":48,"column":4},"end":{"line":48,"column":null}},{"start":{},"end":{}}],"line":48},"10":{"loc":{"start":{"line":49,"column":4},"end":{"line":49,"column":null}},"type":"if","locations":[{"start":{"line":49,"column":4},"end":{"line":49,"column":null}},{"start":{},"end":{}}],"line":49},"11":{"loc":{"start":{"line":54,"column":4},"end":{"line":59,"column":null}},"type":"switch","locations":[{"start":{"line":55,"column":6},"end":{"line":55,"column":null}},{"start":{"line":56,"column":6},"end":{"line":56,"column":null}},{"start":{"line":57,"column":6},"end":{"line":57,"column":null}},{"start":{"line":58,"column":6},"end":{"line":58,"column":null}}],"line":54},"12":{"loc":{"start":{"line":63,"column":4},"end":{"line":69,"column":null}},"type":"switch","locations":[{"start":{"line":64,"column":6},"end":{"line":64,"column":null}},{"start":{"line":65,"column":6},"end":{"line":65,"column":null}},{"start":{"line":66,"column":6},"end":{"line":66,"column":null}},{"start":{"line":67,"column":6},"end":{"line":67,"column":null}},{"start":{"line":68,"column":6},"end":{"line":68,"column":null}}],"line":63},"13":{"loc":{"start":{"line":73,"column":4},"end":{"line":78,"column":null}},"type":"switch","locations":[{"start":{"line":74,"column":6},"end":{"line":74,"column":null}},{"start":{"line":75,"column":6},"end":{"line":75,"column":null}},{"start":{"line":76,"column":6},"end":{"line":76,"column":null}},{"start":{"line":77,"column":6},"end":{"line":77,"column":null}}],"line":73},"14":{"loc":{"start":{"line":82,"column":4},"end":{"line":85,"column":null}},"type":"if","locations":[{"start":{"line":82,"column":4},"end":{"line":85,"column":null}},{"start":{},"end":{}}],"line":82},"15":{"loc":{"start":{"line":82,"column":8},"end":{"line":82,"column":29}},"type":"binary-expr","locations":[{"start":{"line":82,"column":8},"end":{"line":82,"column":19}},{"start":{"line":82,"column":19},"end":{"line":82,"column":29}}],"line":82},"16":{"loc":{"start":{"line":89,"column":33},"end":{"line":89,"column":96}},"type":"binary-expr","locations":[{"start":{"line":89,"column":33},"end":{"line":89,"column":49}},{"start":{"line":89,"column":49},"end":{"line":89,"column":61}},{"start":{"line":89,"column":61},"end":{"line":89,"column":96}}],"line":89},"17":{"loc":{"start":{"line":90,"column":17},"end":{"line":90,"column":null}},"type":"binary-expr","locations":[{"start":{"line":90,"column":17},"end":{"line":90,"column":39}},{"start":{"line":90,"column":39},"end":{"line":90,"column":60}},{"start":{"line":90,"column":60},"end":{"line":90,"column":null}}],"line":90},"18":{"loc":{"start":{"line":91,"column":25},"end":{"line":91,"column":null}},"type":"cond-expr","locations":[{"start":{"line":91,"column":30},"end":{"line":91,"column":37}},{"start":{"line":91,"column":37},"end":{"line":91,"column":null}}],"line":91},"19":{"loc":{"start":{"line":93,"column":93},"end":{"line":93,"column":119}},"type":"cond-expr","locations":[{"start":{"line":93,"column":102},"end":{"line":93,"column":117}},{"start":{"line":93,"column":117},"end":{"line":93,"column":119}}],"line":93},"20":{"loc":{"start":{"line":93,"column":123},"end":{"line":93,"column":164}},"type":"cond-expr","locations":[{"start":{"line":93,"column":145},"end":{"line":93,"column":162}},{"start":{"line":93,"column":162},"end":{"line":93,"column":164}}],"line":93},"21":{"loc":{"start":{"line":93,"column":123},"end":{"line":93,"column":145}},"type":"binary-expr","locations":[{"start":{"line":93,"column":123},"end":{"line":93,"column":135}},{"start":{"line":93,"column":135},"end":{"line":93,"column":145}}],"line":93},"22":{"loc":{"start":{"line":98,"column":16},"end":{"line":98,"column":null}},"type":"binary-expr","locations":[{"start":{"line":98,"column":16},"end":{"line":98,"column":28}},{"start":{"line":98,"column":28},"end":{"line":98,"column":null}}],"line":98},"23":{"loc":{"start":{"line":102,"column":12},"end":{"line":102,"column":null}},"type":"cond-expr","locations":[{"start":{"line":102,"column":22},"end":{"line":102,"column":29}},{"start":{"line":102,"column":29},"end":{"line":102,"column":null}}],"line":102},"24":{"loc":{"start":{"line":105,"column":7},"end":{"line":105,"column":null}},"type":"binary-expr","locations":[{"start":{"line":105,"column":7},"end":{"line":105,"column":18}},{"start":{"line":105,"column":18},"end":{"line":105,"column":null}}],"line":105},"25":{"loc":{"start":{"line":105,"column":87},"end":{"line":105,"column":115}},"type":"cond-expr","locations":[{"start":{"line":105,"column":104},"end":{"line":105,"column":113}},{"start":{"line":105,"column":113},"end":{"line":105,"column":115}}],"line":105},"26":{"loc":{"start":{"line":105,"column":145},"end":{"line":106,"column":null}},"type":"binary-expr","locations":[{"start":{"line":106,"column":8},"end":{"line":106,"column":16}},{"start":{"line":106,"column":16},"end":{"line":106,"column":30}},{"start":{"line":106,"column":30},"end":{"line":106,"column":42}},{"start":{"line":106,"column":42},"end":{"line":106,"column":null}}],"line":105},"27":{"loc":{"start":{"line":106,"column":66},"end":{"line":106,"column":84}},"type":"binary-expr","locations":[{"start":{"line":106,"column":66},"end":{"line":106,"column":74}},{"start":{"line":106,"column":74},"end":{"line":106,"column":84}}],"line":106},"28":{"loc":{"start":{"line":107,"column":7},"end":{"line":107,"column":null}},"type":"cond-expr","locations":[{"start":{"line":107,"column":32},"end":{"line":107,"column":46}},{"start":{"line":107,"column":46},"end":{"line":107,"column":null}}],"line":107},"29":{"loc":{"start":{"line":107,"column":7},"end":{"line":107,"column":32}},"type":"binary-expr","locations":[{"start":{"line":107,"column":7},"end":{"line":107,"column":18}},{"start":{"line":107,"column":18},"end":{"line":107,"column":32}}],"line":107},"30":{"loc":{"start":{"line":107,"column":46},"end":{"line":108,"column":null}},"type":"binary-expr","locations":[{"start":{"line":108,"column":8},"end":{"line":108,"column":21}},{"start":{"line":108,"column":21},"end":{"line":108,"column":33}},{"start":{"line":108,"column":33},"end":{"line":108,"column":45}},{"start":{"line":108,"column":45},"end":{"line":108,"column":null}}],"line":107},"31":{"loc":{"start":{"line":108,"column":69},"end":{"line":108,"column":90}},"type":"binary-expr","locations":[{"start":{"line":108,"column":69},"end":{"line":108,"column":82}},{"start":{"line":108,"column":82},"end":{"line":108,"column":90}}],"line":108}},"s":{"0":1,"1":15,"2":15,"3":15,"4":0,"5":15,"6":0,"7":15,"8":15,"9":15,"10":0,"11":1,"12":1,"13":13,"14":15,"15":15,"16":1,"17":1,"18":0,"19":0,"20":13,"21":15,"22":2,"23":0,"24":0,"25":0,"26":2,"27":15,"28":1,"29":0,"30":0,"31":1,"32":15,"33":15,"34":15,"35":15,"36":15,"37":1},"f":{"0":15,"1":15,"2":15,"3":15,"4":2,"5":1},"b":{"0":[15],"1":[15],"2":[15],"3":[15],"4":[15],"5":[15],"6":[15],"7":[15],"8":[15],"9":[0,15],"10":[0,15],"11":[0,1,1,13],"12":[1,1,0,0,13],"13":[0,0,0,2],"14":[0,1],"15":[1,1],"16":[15,15,15],"17":[15,15,15],"18":[1,14],"19":[1,14],"20":[4,11],"21":[15,13],"22":[15,13],"23":[14,1],"24":[15,2],"25":[2,0],"26":[15,15,0,0],"27":[0,0],"28":[0,15],"29":[15,2],"30":[15,15,0,0],"31":[0,0]},"meta":{"lastBranch":32,"lastFunction":6,"lastStatement":38,"seen":{"s:25:13:111:Infinity":0,"f:25:27:25:28":0,"b:27:12:27:Infinity":0,"b:28:9:28:Infinity":1,"b:30:16:30:Infinity":2,"b:31:12:31:Infinity":3,"b:32:13:32:Infinity":4,"b:33:11:33:Infinity":5,"b:38:14:38:Infinity":6,"b:40:18:40:Infinity":7,"b:42:9:42:Infinity":8,"s:46:26:51:Infinity":1,"f:46:26:46:32":1,"s:47:18:47:Infinity":2,"b:48:4:48:Infinity:undefined:undefined:undefined:undefined":9,"s:48:4:48:Infinity":3,"s:48:35:48:Infinity":4,"b:49:4:49:Infinity:undefined:undefined:undefined:undefined":10,"s:49:4:49:Infinity":5,"s:49:33:49:Infinity":6,"s:50:4:50:Infinity":7,"s:53:23:60:Infinity":8,"f:53:23:53:29":2,"b:55:6:55:Infinity:56:6:56:Infinity:57:6:57:Infinity:58:6:58:Infinity":11,"s:54:4:59:Infinity":9,"s:55:17:55:Infinity":10,"s:56:17:56:Infinity":11,"s:57:17:57:Infinity":12,"s:58:15:58:Infinity":13,"s:62:24:70:Infinity":14,"f:62:24:62:30":3,"b:64:6:64:Infinity:65:6:65:Infinity:66:6:66:Infinity:67:6:67:Infinity:68:6:68:Infinity":12,"s:63:4:69:Infinity":15,"s:64:21:64:Infinity":16,"s:65:21:65:Infinity":17,"s:66:19:66:Infinity":18,"s:67:20:67:Infinity":19,"s:68:15:68:Infinity":20,"s:72:30:79:Infinity":21,"f:72:30:72:36":4,"b:74:6:74:Infinity:75:6:75:Infinity:76:6:76:Infinity:77:6:77:Infinity":13,"s:73:4:78:Infinity":22,"s:74:17:74:Infinity":23,"s:75:17:75:Infinity":24,"s:76:17:76:Infinity":25,"s:77:15:77:Infinity":26,"s:81:22:87:Infinity":27,"f:81:22:81:23":5,"b:82:4:85:Infinity:undefined:undefined:undefined:undefined":14,"s:82:4:85:Infinity":28,"b:82:8:82:19:82:19:82:29":15,"s:83:6:83:Infinity":29,"s:84:6:84:Infinity":30,"s:86:4:86:Infinity":31,"s:89:25:89:Infinity":32,"b:89:33:89:49:89:49:89:61:89:61:89:96":16,"s:90:17:90:Infinity":33,"b:90:17:90:39:90:39:90:60:90:60:90:Infinity":17,"s:91:25:91:Infinity":34,"b:91:30:91:37:91:37:91:Infinity":18,"s:93:28:93:Infinity":35,"b:93:102:93:117:93:117:93:119":19,"b:93:145:93:162:93:162:93:164":20,"b:93:123:93:135:93:135:93:145":21,"s:95:2:109:Infinity":36,"b:98:16:98:28:98:28:98:Infinity":22,"b:102:22:102:29:102:29:102:Infinity":23,"b:105:7:105:18:105:18:105:Infinity":24,"b:105:104:105:113:105:113:105:115":25,"b:106:8:106:16:106:16:106:30:106:30:106:42:106:42:106:Infinity":26,"b:106:66:106:74:106:74:106:84":27,"b:107:32:107:46:107:46:107:Infinity":28,"b:107:7:107:18:107:18:107:32":29,"b:108:8:108:21:108:21:108:33:108:33:108:45:108:45:108:Infinity":30,"b:108:69:108:82:108:82:108:90":31,"s:113:0:113:Infinity":37}}}
,"/home/matthewh/chatty-commander/webui/frontend/src/components/DaisyUI/Input.tsx": {"path":"/home/matthewh/chatty-commander/webui/frontend/src/components/DaisyUI/Input.tsx","statementMap":{"0":{"start":{"line":19,"column":13},"end":{"line":92,"column":null}},"1":{"start":{"line":23,"column":10},"end":{"line":23,"column":null}},"2":{"start":{"line":24,"column":15},"end":{"line":24,"column":null}},"3":{"start":{"line":25,"column":40},"end":{"line":25,"column":null}},"4":{"start":{"line":26,"column":23},"end":{"line":26,"column":null}},"5":{"start":{"line":28,"column":51},"end":{"line":31,"column":null}},"6":{"start":{"line":32,"column":48},"end":{"line":34,"column":null}},"7":{"start":{"line":36,"column":27},"end":{"line":36,"column":null}},"8":{"start":{"line":37,"column":10},"end":{"line":45,"column":null}},"9":{"start":{"line":48,"column":6},"end":{"line":76,"column":null}},"10":{"start":{"line":67,"column":31},"end":{"line":67,"column":null}},"11":{"start":{"line":79,"column":4},"end":{"line":88,"column":null}},"12":{"start":{"line":80,"column":6},"end":{"line":86,"column":null}},"13":{"start":{"line":90,"column":4},"end":{"line":90,"column":null}},"14":{"start":{"line":94,"column":0},"end":{"line":94,"column":null}}},"fnMap":{"0":{"name":"(anonymous_0)","decl":{"start":{"line":20,"column":2},"end":{"line":20,"column":3}},"loc":{"start":{"line":22,"column":67},"end":{"line":91,"column":null}},"line":22},"1":{"name":"(anonymous_1)","decl":{"start":{"line":67,"column":25},"end":{"line":67,"column":31}},"loc":{"start":{"line":67,"column":31},"end":{"line":67,"column":null}},"line":67}},"branchMap":{"0":{"loc":{"start":{"line":20,"column":14},"end":{"line":20,"column":27}},"type":"default-arg","locations":[{"start":{"line":20,"column":21},"end":{"line":20,"column":27}}],"line":20},"1":{"loc":{"start":{"line":20,"column":27},"end":{"line":20,"column":44}},"type":"default-arg","locations":[{"start":{"line":20,"column":38},"end":{"line":20,"column":44}}],"line":20},"2":{"loc":{"start":{"line":20,"column":44},"end":{"line":20,"column":59}},"type":"default-arg","locations":[{"start":{"line":20,"column":52},"end":{"line":20,"column":59}}],"line":20},"3":{"loc":{"start":{"line":20,"column":59},"end":{"line":20,"column":null}},"type":"default-arg","locations":[{"start":{"line":20,"column":69},"end":{"line":20,"column":null}}],"line":20},"4":{"loc":{"start":{"line":22,"column":32},"end":{"line":22,"column":47}},"type":"default-arg","locations":[{"start":{"line":22,"column":39},"end":{"line":22,"column":47}}],"line":22},"5":{"loc":{"start":{"line":24,"column":15},"end":{"line":24,"column":null}},"type":"binary-expr","locations":[{"start":{"line":24,"column":15},"end":{"line":24,"column":29}},{"start":{"line":24,"column":29},"end":{"line":24,"column":null}}],"line":24},"6":{"loc":{"start":{"line":36,"column":27},"end":{"line":36,"column":null}},"type":"cond-expr","locations":[{"start":{"line":36,"column":35},"end":{"line":36,"column":45}},{"start":{"line":36,"column":45},"end":{"line":36,"column":null}}],"line":36},"7":{"loc":{"start":{"line":39,"column":6},"end":{"line":39,"column":null}},"type":"binary-expr","locations":[{"start":{"line":39,"column":6},"end":{"line":39,"column":18}},{"start":{"line":39,"column":18},"end":{"line":39,"column":null}}],"line":39},"8":{"loc":{"start":{"line":40,"column":6},"end":{"line":40,"column":null}},"type":"binary-expr","locations":[{"start":{"line":40,"column":6},"end":{"line":40,"column":15}},{"start":{"line":40,"column":15},"end":{"line":40,"column":null}}],"line":40},"9":{"loc":{"start":{"line":41,"column":6},"end":{"line":41,"column":null}},"type":"binary-expr","locations":[{"start":{"line":41,"column":6},"end":{"line":41,"column":24}},{"start":{"line":41,"column":24},"end":{"line":41,"column":null}}],"line":41},"10":{"loc":{"start":{"line":42,"column":6},"end":{"line":42,"column":null}},"type":"binary-expr","locations":[{"start":{"line":42,"column":6},"end":{"line":42,"column":14}},{"start":{"line":42,"column":14},"end":{"line":42,"column":null}}],"line":42},"11":{"loc":{"start":{"line":43,"column":6},"end":{"line":43,"column":null}},"type":"cond-expr","locations":[{"start":{"line":43,"column":42},"end":{"line":43,"column":52}},{"start":{"line":43,"column":52},"end":{"line":43,"column":null}}],"line":43},"12":{"loc":{"start":{"line":43,"column":6},"end":{"line":43,"column":42}},"type":"binary-expr","locations":[{"start":{"line":43,"column":6},"end":{"line":43,"column":20}},{"start":{"line":43,"column":20},"end":{"line":43,"column":31}},{"start":{"line":43,"column":31},"end":{"line":43,"column":42}}],"line":43},"13":{"loc":{"start":{"line":49,"column":9},"end":{"line":52,"column":null}},"type":"binary-expr","locations":[{"start":{"line":49,"column":9},"end":{"line":49,"column":null}},{"start":{"line":50,"column":10},"end":{"line":52,"column":null}}],"line":49},"14":{"loc":{"start":{"line":56,"column":16},"end":{"line":56,"column":null}},"type":"cond-expr","locations":[{"start":{"line":56,"column":30},"end":{"line":56,"column":68}},{"start":{"line":56,"column":68},"end":{"line":56,"column":null}}],"line":56},"15":{"loc":{"start":{"line":56,"column":30},"end":{"line":56,"column":68}},"type":"cond-expr","locations":[{"start":{"line":56,"column":45},"end":{"line":56,"column":54}},{"start":{"line":56,"column":54},"end":{"line":56,"column":68}}],"line":56},"16":{"loc":{"start":{"line":57,"column":20},"end":{"line":57,"column":41}},"type":"binary-expr","locations":[{"start":{"line":57,"column":20},"end":{"line":57,"column":32}},{"start":{"line":57,"column":32},"end":{"line":57,"column":41}}],"line":57},"17":{"loc":{"start":{"line":59,"column":28},"end":{"line":59,"column":null}},"type":"cond-expr","locations":[{"start":{"line":59,"column":36},"end":{"line":59,"column":52}},{"start":{"line":59,"column":52},"end":{"line":59,"column":null}}],"line":59},"18":{"loc":{"start":{"line":59,"column":52},"end":{"line":59,"column":null}},"type":"cond-expr","locations":[{"start":{"line":59,"column":65},"end":{"line":59,"column":82}},{"start":{"line":59,"column":82},"end":{"line":59,"column":null}}],"line":59},"19":{"loc":{"start":{"line":61,"column":8},"end":{"line":74,"column":null}},"type":"binary-expr","locations":[{"start":{"line":62,"column":10},"end":{"line":62,"column":24}},{"start":{"line":62,"column":24},"end":{"line":62,"column":34}},{"start":{"line":62,"column":34},"end":{"line":62,"column":null}},{"start":{"line":63,"column":10},"end":{"line":74,"column":null}}],"line":61},"20":{"loc":{"start":{"line":64,"column":13},"end":{"line":70,"column":null}},"type":"binary-expr","locations":[{"start":{"line":64,"column":13},"end":{"line":64,"column":27}},{"start":{"line":64,"column":27},"end":{"line":64,"column":40}},{"start":{"line":64,"column":40},"end":{"line":64,"column":null}},{"start":{"line":65,"column":14},"end":{"line":70,"column":null}}],"line":64},"21":{"loc":{"start":{"line":68,"column":28},"end":{"line":68,"column":null}},"type":"cond-expr","locations":[{"start":{"line":68,"column":43},"end":{"line":68,"column":61}},{"start":{"line":68,"column":61},"end":{"line":68,"column":null}}],"line":68},"22":{"loc":{"start":{"line":69,"column":17},"end":{"line":69,"column":null}},"type":"cond-expr","locations":[{"start":{"line":69,"column":32},"end":{"line":69,"column":65}},{"start":{"line":69,"column":65},"end":{"line":69,"column":null}}],"line":69},"23":{"loc":{"start":{"line":72,"column":13},"end":{"line":72,"column":null}},"type":"binary-expr","locations":[{"start":{"line":72,"column":13},"end":{"line":72,"column":23}},{"start":{"line":72,"column":23},"end":{"line":72,"column":null}}],"line":72},"24":{"loc":{"start":{"line":73,"column":13},"end":{"line":73,"column":null}},"type":"binary-expr","locations":[{"start":{"line":73,"column":13},"end":{"line":73,"column":24}},{"start":{"line":73,"column":24},"end":{"line":73,"column":null}}],"line":73},"25":{"loc":{"start":{"line":79,"column":4},"end":{"line":88,"column":null}},"type":"if","locations":[{"start":{"line":79,"column":4},"end":{"line":88,"column":null}},{"start":{},"end":{}}],"line":79},"26":{"loc":{"start":{"line":79,"column":8},"end":{"line":79,"column":38}},"type":"binary-expr","locations":[{"start":{"line":79,"column":8},"end":{"line":79,"column":17}},{"start":{"line":79,"column":17},"end":{"line":79,"column":26}},{"start":{"line":79,"column":26},"end":{"line":79,"column":38}}],"line":79},"27":{"loc":{"start":{"line":82,"column":11},"end":{"line":82,"column":null}},"type":"binary-expr","locations":[{"start":{"line":82,"column":11},"end":{"line":82,"column":20}},{"start":{"line":82,"column":20},"end":{"line":82,"column":null}}],"line":82},"28":{"loc":{"start":{"line":84,"column":11},"end":{"line":84,"column":null}},"type":"binary-expr","locations":[{"start":{"line":84,"column":11},"end":{"line":84,"column":20}},{"start":{"line":84,"column":20},"end":{"line":84,"column":null}}],"line":84},"29":{"loc":{"start":{"line":85,"column":11},"end":{"line":85,"column":null}},"type":"binary-expr","locations":[{"start":{"line":85,"column":11},"end":{"line":85,"column":25}},{"start":{"line":85,"column":25},"end":{"line":85,"column":35}},{"start":{"line":85,"column":35},"end":{"line":85,"column":null}}],"line":85}},"s":{"0":1,"1":9,"2":9,"3":9,"4":9,"5":9,"6":9,"7":9,"8":9,"9":9,"10":1,"11":9,"12":5,"13":4,"14":1},"f":{"0":9,"1":1},"b":{"0":[9],"1":[9],"2":[9],"3":[9],"4":[9],"5":[9,8],"6":[1,8],"7":[9,9],"8":[9,0],"9":[9,1],"10":[9,9],"11":[2,7],"12":[9,2,2],"13":[9,1],"14":[2,7],"15":[1,1],"16":[9,8],"17":[1,8],"18":[1,7],"19":[9,7,6,3],"20":[3,2,2,2],"21":[1,1],"22":[1,1],"23":[3,1],"24":[3,0],"25":[5,4],"26":[9,6,5],"27":[5,3],"28":[5,1],"29":[5,1,1]},"meta":{"lastBranch":30,"lastFunction":2,"lastStatement":15,"seen":{"s:19:13:92:Infinity":0,"f:20:2:20:3":0,"b:20:21:20:27":0,"b:20:38:20:44":1,"b:20:52:20:59":2,"b:20:69:20:Infinity":3,"b:22:39:22:47":4,"s:23:10:23:Infinity":1,"s:24:15:24:Infinity":2,"b:24:15:24:29:24:29:24:Infinity":5,"s:25:40:25:Infinity":3,"s:26:23:26:Infinity":4,"s:28:51:31:Infinity":5,"s:32:48:34:Infinity":6,"s:36:27:36:Infinity":7,"b:36:35:36:45:36:45:36:Infinity":6,"s:37:10:45:Infinity":8,"b:39:6:39:18:39:18:39:Infinity":7,"b:40:6:40:15:40:15:40:Infinity":8,"b:41:6:41:24:41:24:41:Infinity":9,"b:42:6:42:14:42:14:42:Infinity":10,"b:43:42:43:52:43:52:43:Infinity":11,"b:43:6:43:20:43:20:43:31:43:31:43:42":12,"s:48:6:76:Infinity":9,"b:49:9:49:Infinity:50:10:52:Infinity":13,"b:56:30:56:68:56:68:56:Infinity":14,"b:56:45:56:54:56:54:56:68":15,"b:57:20:57:32:57:32:57:41":16,"b:59:36:59:52:59:52:59:Infinity":17,"b:59:65:59:82:59:82:59:Infinity":18,"b:62:10:62:24:62:24:62:34:62:34:62:Infinity:63:10:74:Infinity":19,"b:64:13:64:27:64:27:64:40:64:40:64:Infinity:65:14:70:Infinity":20,"f:67:25:67:31":1,"s:67:31:67:Infinity":10,"b:68:43:68:61:68:61:68:Infinity":21,"b:69:32:69:65:69:65:69:Infinity":22,"b:72:13:72:23:72:23:72:Infinity":23,"b:73:13:73:24:73:24:73:Infinity":24,"b:79:4:88:Infinity:undefined:undefined:undefined:undefined":25,"s:79:4:88:Infinity":11,"b:79:8:79:17:79:17:79:26:79:26:79:38":26,"s:80:6:86:Infinity":12,"b:82:11:82:20:82:20:82:Infinity":27,"b:84:11:84:20:84:20:84:Infinity":28,"b:85:11:85:25:85:25:85:35:85:35:85:Infinity":29,"s:90:4:90:Infinity":13,"s:94:0:94:Infinity":14}}}
,"/home/matthewh/chatty-commander/webui/frontend/src/hooks/useAuth.tsx": {"path":"/home/matthewh/chatty-commander/webui/frontend/src/hooks/useAuth.tsx","statementMap":{"0":{"start":{"line":12,"column":6},"end":{"line":12,"column":null}},"1":{"start":{"line":14,"column":69},"end":{"line":71,"column":null}},"2":{"start":{"line":15,"column":22},"end":{"line":15,"column":null}},"3":{"start":{"line":16,"column":28},"end":{"line":16,"column":null}},"4":{"start":{"line":17,"column":8},"end":{"line":17,"column":null}},"5":{"start":{"line":19,"column":8},"end":{"line":38,"column":null}},"6":{"start":{"line":20,"column":4},"end":{"line":37,"column":null}},"7":{"start":{"line":21,"column":23},"end":{"line":21,"column":null}},"8":{"start":{"line":22,"column":6},"end":{"line":22,"column":null}},"9":{"start":{"line":23,"column":6},"end":{"line":23,"column":null}},"10":{"start":{"line":28,"column":6},"end":{"line":36,"column":null}},"11":{"start":{"line":29,"column":8},"end":{"line":29,"column":null}},"12":{"start":{"line":30,"column":22},"end":{"line":30,"column":null}},"13":{"start":{"line":32,"column":8},"end":{"line":32,"column":null}},"14":{"start":{"line":34,"column":8},"end":{"line":34,"column":null}},"15":{"start":{"line":35,"column":8},"end":{"line":35,"column":null}},"16":{"start":{"line":40,"column":2},"end":{"line":42,"column":null}},"17":{"start":{"line":41,"column":4},"end":{"line":41,"column":null}},"18":{"start":{"line":44,"column":16},"end":{"line":59,"column":null}},"19":{"start":{"line":45,"column":4},"end":{"line":58,"column":null}},"20":{"start":{"line":46,"column":6},"end":{"line":46,"column":null}},"21":{"start":{"line":47,"column":23},"end":{"line":47,"column":null}},"22":{"start":{"line":48,"column":6},"end":{"line":48,"column":null}},"23":{"start":{"line":50,"column":23},"end":{"line":50,"column":null}},"24":{"start":{"line":51,"column":6},"end":{"line":51,"column":null}},"25":{"start":{"line":52,"column":6},"end":{"line":52,"column":null}},"26":{"start":{"line":55,"column":6},"end":{"line":55,"column":null}},"27":{"start":{"line":57,"column":6},"end":{"line":57,"column":null}},"28":{"start":{"line":61,"column":17},"end":{"line":64,"column":null}},"29":{"start":{"line":62,"column":4},"end":{"line":62,"column":null}},"30":{"start":{"line":63,"column":4},"end":{"line":63,"column":null}},"31":{"start":{"line":66,"column":2},"end":{"line":69,"column":null}},"32":{"start":{"line":73,"column":23},"end":{"line":79,"column":null}},"33":{"start":{"line":74,"column":8},"end":{"line":74,"column":null}},"34":{"start":{"line":75,"column":2},"end":{"line":77,"column":null}},"35":{"start":{"line":76,"column":4},"end":{"line":76,"column":null}},"36":{"start":{"line":78,"column":2},"end":{"line":78,"column":null}}},"fnMap":{"0":{"name":"(anonymous_0)","decl":{"start":{"line":14,"column":69},"end":{"line":14,"column":70}},"loc":{"start":{"line":14,"column":87},"end":{"line":71,"column":null}},"line":14},"1":{"name":"(anonymous_1)","decl":{"start":{"line":19,"column":32},"end":{"line":19,"column":44}},"loc":{"start":{"line":19,"column":44},"end":{"line":38,"column":5}},"line":19},"2":{"name":"(anonymous_2)","decl":{"start":{"line":40,"column":12},"end":{"line":40,"column":18}},"loc":{"start":{"line":40,"column":18},"end":{"line":42,"column":5}},"line":40},"3":{"name":"(anonymous_3)","decl":{"start":{"line":44,"column":16},"end":{"line":44,"column":23}},"loc":{"start":{"line":44,"column":80},"end":{"line":59,"column":null}},"line":44},"4":{"name":"(anonymous_4)","decl":{"start":{"line":61,"column":17},"end":{"line":61,"column":23}},"loc":{"start":{"line":61,"column":23},"end":{"line":64,"column":null}},"line":61},"5":{"name":"(anonymous_5)","decl":{"start":{"line":73,"column":23},"end":{"line":73,"column":46}},"loc":{"start":{"line":73,"column":46},"end":{"line":79,"column":null}},"line":73}},"branchMap":{"0":{"loc":{"start":{"line":28,"column":6},"end":{"line":36,"column":null}},"type":"if","locations":[{"start":{"line":28,"column":6},"end":{"line":36,"column":null}},{"start":{"line":33,"column":13},"end":{"line":36,"column":null}}],"line":28},"1":{"loc":{"start":{"line":75,"column":2},"end":{"line":77,"column":null}},"type":"if","locations":[{"start":{"line":75,"column":2},"end":{"line":77,"column":null}},{"start":{},"end":{}}],"line":75}},"s":{"0":1,"1":1,"2":6,"3":6,"4":6,"5":6,"6":4,"7":4,"8":2,"9":2,"10":2,"11":2,"12":2,"13":2,"14":0,"15":0,"16":6,"17":4,"18":6,"19":1,"20":1,"21":1,"22":1,"23":1,"24":0,"25":0,"26":1,"27":1,"28":6,"29":1,"30":1,"31":6,"32":1,"33":6,"34":6,"35":0,"36":6},"f":{"0":6,"1":4,"2":4,"3":1,"4":1,"5":6},"b":{"0":[2,0],"1":[0,6]},"meta":{"lastBranch":2,"lastFunction":6,"lastStatement":37,"seen":{"s:12:6:12:Infinity":0,"s:14:69:71:Infinity":1,"f:14:69:14:70":0,"s:15:22:15:Infinity":2,"s:16:28:16:Infinity":3,"s:17:8:17:Infinity":4,"s:19:8:38:Infinity":5,"f:19:32:19:44":1,"s:20:4:37:Infinity":6,"s:21:23:21:Infinity":7,"s:22:6:22:Infinity":8,"s:23:6:23:Infinity":9,"b:28:6:36:Infinity:33:13:36:Infinity":0,"s:28:6:36:Infinity":10,"s:29:8:29:Infinity":11,"s:30:22:30:Infinity":12,"s:32:8:32:Infinity":13,"s:34:8:34:Infinity":14,"s:35:8:35:Infinity":15,"s:40:2:42:Infinity":16,"f:40:12:40:18":2,"s:41:4:41:Infinity":17,"s:44:16:59:Infinity":18,"f:44:16:44:23":3,"s:45:4:58:Infinity":19,"s:46:6:46:Infinity":20,"s:47:23:47:Infinity":21,"s:48:6:48:Infinity":22,"s:50:23:50:Infinity":23,"s:51:6:51:Infinity":24,"s:52:6:52:Infinity":25,"s:55:6:55:Infinity":26,"s:57:6:57:Infinity":27,"s:61:17:64:Infinity":28,"f:61:17:61:23":4,"s:62:4:62:Infinity":29,"s:63:4:63:Infinity":30,"s:66:2:69:Infinity":31,"s:73:23:79:Infinity":32,"f:73:23:73:46":5,"s:74:8:74:Infinity":33,"b:75:2:77:Infinity:undefined:undefined:undefined:undefined":1,"s:75:2:77:Infinity":34,"s:76:4:76:Infinity":35,"s:78:2:78:Infinity":36}}}
,"/home/matthewh/chatty-commander/webui/frontend/src/hooks/useWebSocket.ts": {"path":"/home/matthewh/chatty-commander/webui/frontend/src/hooks/useWebSocket.ts","statementMap":{"0":{"start":{"line":24,"column":28},"end":{"line":149,"column":null}},"1":{"start":{"line":25,"column":36},"end":{"line":25,"column":null}},"2":{"start":{"line":26,"column":46},"end":{"line":26,"column":null}},"3":{"start":{"line":27,"column":36},"end":{"line":27,"column":null}},"4":{"start":{"line":28,"column":48},"end":{"line":28,"column":null}},"5":{"start":{"line":29,"column":24},"end":{"line":29,"column":null}},"6":{"start":{"line":31,"column":8},"end":{"line":31,"column":null}},"7":{"start":{"line":32,"column":8},"end":{"line":32,"column":null}},"8":{"start":{"line":33,"column":8},"end":{"line":33,"column":null}},"9":{"start":{"line":36,"column":8},"end":{"line":36,"column":null}},"10":{"start":{"line":37,"column":2},"end":{"line":37,"column":null}},"11":{"start":{"line":39,"column":8},"end":{"line":102,"column":null}},"12":{"start":{"line":40,"column":4},"end":{"line":40,"column":null}},"13":{"start":{"line":40,"column":14},"end":{"line":40,"column":null}},"14":{"start":{"line":42,"column":4},"end":{"line":101,"column":null}},"15":{"start":{"line":43,"column":6},"end":{"line":43,"column":null}},"16":{"start":{"line":45,"column":6},"end":{"line":47,"column":null}},"17":{"start":{"line":46,"column":8},"end":{"line":46,"column":null}},"18":{"start":{"line":49,"column":6},"end":{"line":49,"column":null}},"19":{"start":{"line":51,"column":6},"end":{"line":58,"column":null}},"20":{"start":{"line":52,"column":8},"end":{"line":52,"column":null}},"21":{"start":{"line":52,"column":33},"end":{"line":52,"column":null}},"22":{"start":{"line":53,"column":8},"end":{"line":53,"column":null}},"23":{"start":{"line":54,"column":8},"end":{"line":54,"column":null}},"24":{"start":{"line":55,"column":8},"end":{"line":55,"column":null}},"25":{"start":{"line":56,"column":8},"end":{"line":56,"column":null}},"26":{"start":{"line":57,"column":8},"end":{"line":57,"column":null}},"27":{"start":{"line":57,"column":39},"end":{"line":57,"column":null}},"28":{"start":{"line":60,"column":6},"end":{"line":80,"column":null}},"29":{"start":{"line":61,"column":8},"end":{"line":61,"column":null}},"30":{"start":{"line":62,"column":8},"end":{"line":62,"column":null}},"31":{"start":{"line":63,"column":8},"end":{"line":63,"column":null}},"32":{"start":{"line":63,"column":40},"end":{"line":63,"column":null}},"33":{"start":{"line":65,"column":8},"end":{"line":79,"column":null}},"34":{"start":{"line":70,"column":10},"end":{"line":70,"column":null}},"35":{"start":{"line":71,"column":10},"end":{"line":71,"column":null}},"36":{"start":{"line":71,"column":41},"end":{"line":71,"column":49}},"37":{"start":{"line":73,"column":10},"end":{"line":75,"column":null}},"38":{"start":{"line":74,"column":12},"end":{"line":74,"column":null}},"39":{"start":{"line":76,"column":8},"end":{"line":79,"column":null}},"40":{"start":{"line":77,"column":10},"end":{"line":77,"column":null}},"41":{"start":{"line":78,"column":10},"end":{"line":78,"column":null}},"42":{"start":{"line":82,"column":6},"end":{"line":87,"column":null}},"43":{"start":{"line":83,"column":8},"end":{"line":83,"column":null}},"44":{"start":{"line":83,"column":33},"end":{"line":83,"column":null}},"45":{"start":{"line":84,"column":8},"end":{"line":84,"column":null}},"46":{"start":{"line":85,"column":8},"end":{"line":85,"column":null}},"47":{"start":{"line":86,"column":8},"end":{"line":86,"column":null}},"48":{"start":{"line":86,"column":40},"end":{"line":86,"column":null}},"49":{"start":{"line":89,"column":6},"end":{"line":97,"column":null}},"50":{"start":{"line":90,"column":42},"end":{"line":94,"column":null}},"51":{"start":{"line":95,"column":8},"end":{"line":95,"column":null}},"52":{"start":{"line":96,"column":8},"end":{"line":96,"column":null}},"53":{"start":{"line":96,"column":42},"end":{"line":96,"column":null}},"54":{"start":{"line":99,"column":6},"end":{"line":99,"column":null}},"55":{"start":{"line":100,"column":6},"end":{"line":100,"column":null}},"56":{"start":{"line":104,"column":8},"end":{"line":114,"column":null}},"57":{"start":{"line":105,"column":4},"end":{"line":112,"column":null}},"58":{"start":{"line":106,"column":6},"end":{"line":111,"column":null}},"59":{"start":{"line":107,"column":8},"end":{"line":107,"column":null}},"60":{"start":{"line":108,"column":8},"end":{"line":108,"column":null}},"61":{"start":{"line":110,"column":8},"end":{"line":110,"column":null}},"62":{"start":{"line":113,"column":4},"end":{"line":113,"column":null}},"63":{"start":{"line":116,"column":8},"end":{"line":120,"column":null}},"64":{"start":{"line":117,"column":4},"end":{"line":117,"column":null}},"65":{"start":{"line":118,"column":4},"end":{"line":118,"column":null}},"66":{"start":{"line":118,"column":36},"end":{"line":118,"column":null}},"67":{"start":{"line":119,"column":4},"end":{"line":119,"column":null}},"68":{"start":{"line":119,"column":20},"end":{"line":119,"column":null}},"69":{"start":{"line":122,"column":8},"end":{"line":126,"column":null}},"70":{"start":{"line":123,"column":4},"end":{"line":123,"column":null}},"71":{"start":{"line":124,"column":4},"end":{"line":124,"column":null}},"72":{"start":{"line":125,"column":4},"end":{"line":125,"column":null}},"73":{"start":{"line":128,"column":2},"end":{"line":136,"column":null}},"74":{"start":{"line":129,"column":4},"end":{"line":129,"column":null}},"75":{"start":{"line":130,"column":4},"end":{"line":130,"column":null}},"76":{"start":{"line":131,"column":4},"end":{"line":135,"column":null}},"77":{"start":{"line":132,"column":6},"end":{"line":132,"column":null}},"78":{"start":{"line":133,"column":6},"end":{"line":133,"column":null}},"79":{"start":{"line":133,"column":38},"end":{"line":133,"column":null}},"80":{"start":{"line":134,"column":6},"end":{"line":134,"column":null}},"81":{"start":{"line":134,"column":22},"end":{"line":134,"column":null}},"82":{"start":{"line":138,"column":2},"end":{"line":148,"column":null}},"83":{"start":{"line":147,"column":25},"end":{"line":147,"column":null}}},"fnMap":{"0":{"name":"(anonymous_0)","decl":{"start":{"line":24,"column":28},"end":{"line":24,"column":29}},"loc":{"start":{"line":24,"column":80},"end":{"line":149,"column":null}},"line":24},"1":{"name":"(anonymous_1)","decl":{"start":{"line":39,"column":30},"end":{"line":39,"column":36}},"loc":{"start":{"line":39,"column":36},"end":{"line":102,"column":5}},"line":39},"2":{"name":"(anonymous_2)","decl":{"start":{"line":51,"column":26},"end":{"line":51,"column":27}},"loc":{"start":{"line":51,"column":44},"end":{"line":58,"column":null}},"line":51},"3":{"name":"(anonymous_3)","decl":{"start":{"line":60,"column":27},"end":{"line":60,"column":28}},"loc":{"start":{"line":60,"column":50},"end":{"line":80,"column":null}},"line":60},"4":{"name":"(anonymous_4)","decl":{"start":{"line":71,"column":31},"end":{"line":71,"column":32}},"loc":{"start":{"line":71,"column":41},"end":{"line":71,"column":49}},"line":71},"5":{"name":"(anonymous_5)","decl":{"start":{"line":73,"column":50},"end":{"line":73,"column":56}},"loc":{"start":{"line":73,"column":56},"end":{"line":75,"column":13}},"line":73},"6":{"name":"(anonymous_6)","decl":{"start":{"line":82,"column":27},"end":{"line":82,"column":28}},"loc":{"start":{"line":82,"column":45},"end":{"line":87,"column":null}},"line":82},"7":{"name":"(anonymous_7)","decl":{"start":{"line":89,"column":29},"end":{"line":89,"column":30}},"loc":{"start":{"line":89,"column":54},"end":{"line":97,"column":null}},"line":89},"8":{"name":"(anonymous_8)","decl":{"start":{"line":104,"column":34},"end":{"line":104,"column":35}},"loc":{"start":{"line":104,"column":64},"end":{"line":114,"column":5}},"line":104},"9":{"name":"(anonymous_9)","decl":{"start":{"line":116,"column":33},"end":{"line":116,"column":39}},"loc":{"start":{"line":116,"column":39},"end":{"line":120,"column":5}},"line":116},"10":{"name":"(anonymous_10)","decl":{"start":{"line":122,"column":32},"end":{"line":122,"column":38}},"loc":{"start":{"line":122,"column":38},"end":{"line":126,"column":5}},"line":122},"11":{"name":"(anonymous_11)","decl":{"start":{"line":128,"column":12},"end":{"line":128,"column":18}},"loc":{"start":{"line":128,"column":18},"end":{"line":136,"column":5}},"line":128},"12":{"name":"(anonymous_12)","decl":{"start":{"line":131,"column":11},"end":{"line":131,"column":17}},"loc":{"start":{"line":131,"column":17},"end":{"line":135,"column":null}},"line":131},"13":{"name":"(anonymous_13)","decl":{"start":{"line":147,"column":19},"end":{"line":147,"column":25}},"loc":{"start":{"line":147,"column":25},"end":{"line":147,"column":null}},"line":147}},"branchMap":{"0":{"loc":{"start":{"line":24,"column":42},"end":{"line":24,"column":80}},"type":"default-arg","locations":[{"start":{"line":24,"column":73},"end":{"line":24,"column":80}}],"line":24},"1":{"loc":{"start":{"line":26,"column":67},"end":{"line":26,"column":104}},"type":"binary-expr","locations":[{"start":{"line":26,"column":67},"end":{"line":26,"column":92}},{"start":{"line":26,"column":92},"end":{"line":26,"column":104}}],"line":26},"2":{"loc":{"start":{"line":40,"column":4},"end":{"line":40,"column":null}},"type":"if","locations":[{"start":{"line":40,"column":4},"end":{"line":40,"column":null}},{"start":{},"end":{}}],"line":40},"3":{"loc":{"start":{"line":45,"column":6},"end":{"line":47,"column":null}},"type":"if","locations":[{"start":{"line":45,"column":6},"end":{"line":47,"column":null}},{"start":{},"end":{}}],"line":45},"4":{"loc":{"start":{"line":49,"column":38},"end":{"line":49,"column":72}},"type":"binary-expr","locations":[{"start":{"line":49,"column":38},"end":{"line":49,"column":70}},{"start":{"line":49,"column":70},"end":{"line":49,"column":72}}],"line":49},"5":{"loc":{"start":{"line":52,"column":8},"end":{"line":52,"column":null}},"type":"if","locations":[{"start":{"line":52,"column":8},"end":{"line":52,"column":null}},{"start":{},"end":{}}],"line":52},"6":{"loc":{"start":{"line":57,"column":8},"end":{"line":57,"column":null}},"type":"if","locations":[{"start":{"line":57,"column":8},"end":{"line":57,"column":null}},{"start":{},"end":{}}],"line":57},"7":{"loc":{"start":{"line":63,"column":8},"end":{"line":63,"column":null}},"type":"if","locations":[{"start":{"line":63,"column":8},"end":{"line":63,"column":null}},{"start":{},"end":{}}],"line":63},"8":{"loc":{"start":{"line":65,"column":8},"end":{"line":79,"column":null}},"type":"if","locations":[{"start":{"line":65,"column":8},"end":{"line":79,"column":null}},{"start":{"line":76,"column":8},"end":{"line":79,"column":null}}],"line":65},"9":{"loc":{"start":{"line":66,"column":10},"end":{"line":68,"column":null}},"type":"binary-expr","locations":[{"start":{"line":66,"column":10},"end":{"line":66,"column":null}},{"start":{"line":67,"column":10},"end":{"line":67,"column":null}},{"start":{"line":68,"column":10},"end":{"line":68,"column":null}}],"line":66},"10":{"loc":{"start":{"line":68,"column":31},"end":{"line":68,"column":null}},"type":"binary-expr","locations":[{"start":{"line":68,"column":31},"end":{"line":68,"column":74}},{"start":{"line":68,"column":74},"end":{"line":68,"column":null}}],"line":68},"11":{"loc":{"start":{"line":75,"column":13},"end":{"line":75,"column":57}},"type":"binary-expr","locations":[{"start":{"line":75,"column":13},"end":{"line":75,"column":53}},{"start":{"line":75,"column":53},"end":{"line":75,"column":57}}],"line":75},"12":{"loc":{"start":{"line":76,"column":8},"end":{"line":79,"column":null}},"type":"if","locations":[{"start":{"line":76,"column":8},"end":{"line":79,"column":null}},{"start":{},"end":{}}],"line":76},"13":{"loc":{"start":{"line":76,"column":41},"end":{"line":76,"column":89}},"type":"binary-expr","locations":[{"start":{"line":76,"column":41},"end":{"line":76,"column":84}},{"start":{"line":76,"column":84},"end":{"line":76,"column":89}}],"line":76},"14":{"loc":{"start":{"line":83,"column":8},"end":{"line":83,"column":null}},"type":"if","locations":[{"start":{"line":83,"column":8},"end":{"line":83,"column":null}},{"start":{},"end":{}}],"line":83},"15":{"loc":{"start":{"line":86,"column":8},"end":{"line":86,"column":null}},"type":"if","locations":[{"start":{"line":86,"column":8},"end":{"line":86,"column":null}},{"start":{},"end":{}}],"line":86},"16":{"loc":{"start":{"line":96,"column":8},"end":{"line":96,"column":null}},"type":"if","locations":[{"start":{"line":96,"column":8},"end":{"line":96,"column":null}},{"start":{},"end":{}}],"line":96},"17":{"loc":{"start":{"line":105,"column":4},"end":{"line":112,"column":null}},"type":"if","locations":[{"start":{"line":105,"column":4},"end":{"line":112,"column":null}},{"start":{},"end":{}}],"line":105},"18":{"loc":{"start":{"line":105,"column":8},"end":{"line":105,"column":64}},"type":"binary-expr","locations":[{"start":{"line":105,"column":8},"end":{"line":105,"column":22}},{"start":{"line":105,"column":22},"end":{"line":105,"column":64}}],"line":105},"19":{"loc":{"start":{"line":107,"column":24},"end":{"line":107,"column":87}},"type":"cond-expr","locations":[{"start":{"line":107,"column":54},"end":{"line":107,"column":64}},{"start":{"line":107,"column":64},"end":{"line":107,"column":87}}],"line":107},"20":{"loc":{"start":{"line":118,"column":4},"end":{"line":118,"column":null}},"type":"if","locations":[{"start":{"line":118,"column":4},"end":{"line":118,"column":null}},{"start":{},"end":{}}],"line":118},"21":{"loc":{"start":{"line":119,"column":4},"end":{"line":119,"column":null}},"type":"if","locations":[{"start":{"line":119,"column":4},"end":{"line":119,"column":null}},{"start":{},"end":{}}],"line":119},"22":{"loc":{"start":{"line":133,"column":6},"end":{"line":133,"column":null}},"type":"if","locations":[{"start":{"line":133,"column":6},"end":{"line":133,"column":null}},{"start":{},"end":{}}],"line":133},"23":{"loc":{"start":{"line":134,"column":6},"end":{"line":134,"column":null}},"type":"if","locations":[{"start":{"line":134,"column":6},"end":{"line":134,"column":null}},{"start":{},"end":{}}],"line":134},"24":{"loc":{"start":{"line":147,"column":25},"end":{"line":147,"column":null}},"type":"binary-expr","locations":[{"start":{"line":147,"column":25},"end":{"line":147,"column":51}},{"start":{"line":147,"column":51},"end":{"line":147,"column":null}}],"line":147}},"s":{"0":1,"1":10,"2":10,"3":10,"4":10,"5":10,"6":10,"7":10,"8":10,"9":10,"10":10,"11":10,"12":6,"13":0,"14":6,"15":6,"16":6,"17":2,"18":6,"19":6,"20":1,"21":1,"22":1,"23":1,"24":1,"25":1,"26":1,"27":0,"28":6,"29":8,"30":8,"31":8,"32":0,"33":8,"34":2,"35":2,"36":2,"37":2,"38":1,"39":6,"40":0,"41":0,"42":6,"43":0,"44":0,"45":0,"46":0,"47":0,"48":0,"49":6,"50":1,"51":1,"52":1,"53":0,"54":0,"55":0,"56":10,"57":1,"58":1,"59":1,"60":1,"61":0,"62":0,"63":10,"64":1,"65":1,"66":0,"67":1,"68":1,"69":10,"70":1,"71":1,"72":1,"73":10,"74":4,"75":4,"76":4,"77":4,"78":4,"79":1,"80":4,"81":4,"82":10,"83":2},"f":{"0":10,"1":6,"2":1,"3":8,"4":2,"5":1,"6":0,"7":1,"8":1,"9":1,"10":1,"11":4,"12":4,"13":2},"b":{"0":[10],"1":[10,10],"2":[0,6],"3":[2,4],"4":[6,6],"5":[1,0],"6":[0,1],"7":[0,8],"8":[2,6],"9":[8,3,2],"10":[2,2],"11":[2,0],"12":[0,6],"13":[6,6],"14":[0,0],"15":[0,0],"16":[0,1],"17":[1,0],"18":[1,1],"19":[1,0],"20":[0,1],"21":[1,0],"22":[1,3],"23":[4,0],"24":[2,0]},"meta":{"lastBranch":25,"lastFunction":14,"lastStatement":84,"seen":{"s:24:28:149:Infinity":0,"f:24:28:24:29":0,"b:24:73:24:80":0,"s:25:36:25:Infinity":1,"s:26:46:26:Infinity":2,"b:26:67:26:92:26:92:26:104":1,"s:27:36:27:Infinity":3,"s:28:48:28:Infinity":4,"s:29:24:29:Infinity":5,"s:31:8:31:Infinity":6,"s:32:8:32:Infinity":7,"s:33:8:33:Infinity":8,"s:36:8:36:Infinity":9,"s:37:2:37:Infinity":10,"s:39:8:102:Infinity":11,"f:39:30:39:36":1,"b:40:4:40:Infinity:undefined:undefined:undefined:undefined":2,"s:40:4:40:Infinity":12,"s:40:14:40:Infinity":13,"s:42:4:101:Infinity":14,"s:43:6:43:Infinity":15,"b:45:6:47:Infinity:undefined:undefined:undefined:undefined":3,"s:45:6:47:Infinity":16,"s:46:8:46:Infinity":17,"s:49:6:49:Infinity":18,"b:49:38:49:70:49:70:49:72":4,"s:51:6:58:Infinity":19,"f:51:26:51:27":2,"b:52:8:52:Infinity:undefined:undefined:undefined:undefined":5,"s:52:8:52:Infinity":20,"s:52:33:52:Infinity":21,"s:53:8:53:Infinity":22,"s:54:8:54:Infinity":23,"s:55:8:55:Infinity":24,"s:56:8:56:Infinity":25,"b:57:8:57:Infinity:undefined:undefined:undefined:undefined":6,"s:57:8:57:Infinity":26,"s:57:39:57:Infinity":27,"s:60:6:80:Infinity":28,"f:60:27:60:28":3,"s:61:8:61:Infinity":29,"s:62:8:62:Infinity":30,"b:63:8:63:Infinity:undefined:undefined:undefined:undefined":7,"s:63:8:63:Infinity":31,"s:63:40:63:Infinity":32,"b:65:8:79:Infinity:76:8:79:Infinity":8,"s:65:8:79:Infinity":33,"b:66:10:66:Infinity:67:10:67:Infinity:68:10:68:Infinity":9,"b:68:31:68:74:68:74:68:Infinity":10,"s:70:10:70:Infinity":34,"s:71:10:71:Infinity":35,"f:71:31:71:32":4,"s:71:41:71:49":36,"s:73:10:75:Infinity":37,"f:73:50:73:56":5,"s:74:12:74:Infinity":38,"b:75:13:75:53:75:53:75:57":11,"b:76:8:79:Infinity:undefined:undefined:undefined:undefined":12,"s:76:8:79:Infinity":39,"b:76:41:76:84:76:84:76:89":13,"s:77:10:77:Infinity":40,"s:78:10:78:Infinity":41,"s:82:6:87:Infinity":42,"f:82:27:82:28":6,"b:83:8:83:Infinity:undefined:undefined:undefined:undefined":14,"s:83:8:83:Infinity":43,"s:83:33:83:Infinity":44,"s:84:8:84:Infinity":45,"s:85:8:85:Infinity":46,"b:86:8:86:Infinity:undefined:undefined:undefined:undefined":15,"s:86:8:86:Infinity":47,"s:86:40:86:Infinity":48,"s:89:6:97:Infinity":49,"f:89:29:89:30":7,"s:90:42:94:Infinity":50,"s:95:8:95:Infinity":51,"b:96:8:96:Infinity:undefined:undefined:undefined:undefined":16,"s:96:8:96:Infinity":52,"s:96:42:96:Infinity":53,"s:99:6:99:Infinity":54,"s:100:6:100:Infinity":55,"s:104:8:114:Infinity":56,"f:104:34:104:35":8,"b:105:4:112:Infinity:undefined:undefined:undefined:undefined":17,"s:105:4:112:Infinity":57,"b:105:8:105:22:105:22:105:64":18,"s:106:6:111:Infinity":58,"s:107:8:107:Infinity":59,"b:107:54:107:64:107:64:107:87":19,"s:108:8:108:Infinity":60,"s:110:8:110:Infinity":61,"s:113:4:113:Infinity":62,"s:116:8:120:Infinity":63,"f:116:33:116:39":9,"s:117:4:117:Infinity":64,"b:118:4:118:Infinity:undefined:undefined:undefined:undefined":20,"s:118:4:118:Infinity":65,"s:118:36:118:Infinity":66,"b:119:4:119:Infinity:undefined:undefined:undefined:undefined":21,"s:119:4:119:Infinity":67,"s:119:20:119:Infinity":68,"s:122:8:126:Infinity":69,"f:122:32:122:38":10,"s:123:4:123:Infinity":70,"s:124:4:124:Infinity":71,"s:125:4:125:Infinity":72,"s:128:2:136:Infinity":73,"f:128:12:128:18":11,"s:129:4:129:Infinity":74,"s:130:4:130:Infinity":75,"s:131:4:135:Infinity":76,"f:131:11:131:17":12,"s:132:6:132:Infinity":77,"b:133:6:133:Infinity:undefined:undefined:undefined:undefined":22,"s:133:6:133:Infinity":78,"s:133:38:133:Infinity":79,"b:134:6:134:Infinity:undefined:undefined:undefined:undefined":23,"s:134:6:134:Infinity":80,"s:134:22:134:Infinity":81,"s:138:2:148:Infinity":82,"f:147:19:147:25":13,"s:147:25:147:Infinity":83,"b:147:25:147:51:147:51:147:Infinity":24}}}
,"/home/matthewh/chatty-commander/webui/frontend/src/services/apiService.ts": {"path":"/home/matthewh/chatty-commander/webui/frontend/src/services/apiService.ts","statementMap":{"0":{"start":{"line":56,"column":4},"end":{"line":56,"column":null}},"1":{"start":{"line":57,"column":4},"end":{"line":59,"column":null}},"2":{"start":{"line":67,"column":18},"end":{"line":67,"column":null}},"3":{"start":{"line":68,"column":4},"end":{"line":71,"column":null}},"4":{"start":{"line":69,"column":6},"end":{"line":69,"column":null}},"5":{"start":{"line":69,"column":28},"end":{"line":69,"column":null}},"6":{"start":{"line":70,"column":7},"end":{"line":70,"column":null}},"7":{"start":{"line":73,"column":16},"end":{"line":73,"column":null}},"8":{"start":{"line":74,"column":19},"end":{"line":77,"column":null}},"9":{"start":{"line":79,"column":4},"end":{"line":102,"column":null}},"10":{"start":{"line":80,"column":23},"end":{"line":80,"column":null}},"11":{"start":{"line":82,"column":6},"end":{"line":89,"column":null}},"12":{"start":{"line":83,"column":26},"end":{"line":83,"column":null}},"13":{"start":{"line":83,"column":61},"end":{"line":83,"column":64}},"14":{"start":{"line":84,"column":8},"end":{"line":88,"column":null}},"15":{"start":{"line":91,"column":26},"end":{"line":91,"column":null}},"16":{"start":{"line":92,"column":6},"end":{"line":94,"column":null}},"17":{"start":{"line":93,"column":8},"end":{"line":93,"column":null}},"18":{"start":{"line":96,"column":6},"end":{"line":96,"column":null}},"19":{"start":{"line":98,"column":6},"end":{"line":100,"column":null}},"20":{"start":{"line":99,"column":8},"end":{"line":99,"column":null}},"21":{"start":{"line":101,"column":6},"end":{"line":101,"column":null}},"22":{"start":{"line":109,"column":16},"end":{"line":109,"column":null}},"23":{"start":{"line":110,"column":4},"end":{"line":114,"column":null}},"24":{"start":{"line":111,"column":6},"end":{"line":113,"column":null}},"25":{"start":{"line":112,"column":8},"end":{"line":112,"column":null}},"26":{"start":{"line":116,"column":19},"end":{"line":116,"column":null}},"27":{"start":{"line":117,"column":4},"end":{"line":119,"column":null}},"28":{"start":{"line":126,"column":4},"end":{"line":129,"column":null}},"29":{"start":{"line":136,"column":4},"end":{"line":139,"column":null}},"30":{"start":{"line":146,"column":4},"end":{"line":148,"column":null}},"31":{"start":{"line":156,"column":4},"end":{"line":156,"column":null}},"32":{"start":{"line":160,"column":4},"end":{"line":160,"column":null}},"33":{"start":{"line":164,"column":4},"end":{"line":164,"column":null}},"34":{"start":{"line":168,"column":4},"end":{"line":168,"column":null}},"35":{"start":{"line":172,"column":4},"end":{"line":172,"column":null}},"36":{"start":{"line":176,"column":4},"end":{"line":176,"column":null}},"37":{"start":{"line":180,"column":4},"end":{"line":183,"column":null}},"38":{"start":{"line":187,"column":4},"end":{"line":187,"column":null}},"39":{"start":{"line":191,"column":4},"end":{"line":191,"column":null}},"40":{"start":{"line":197,"column":4},"end":{"line":210,"column":null}},"41":{"start":{"line":198,"column":19},"end":{"line":198,"column":null}},"42":{"start":{"line":199,"column":6},"end":{"line":199,"column":null}},"43":{"start":{"line":199,"column":35},"end":{"line":199,"column":null}},"44":{"start":{"line":200,"column":6},"end":{"line":207,"column":null}},"45":{"start":{"line":200,"column":107},"end":{"line":207,"column":8}},"46":{"start":{"line":209,"column":6},"end":{"line":209,"column":null}},"47":{"start":{"line":214,"column":4},"end":{"line":230,"column":null}},"48":{"start":{"line":215,"column":46},"end":{"line":215,"column":null}},"49":{"start":{"line":216,"column":6},"end":{"line":216,"column":null}},"50":{"start":{"line":216,"column":18},"end":{"line":216,"column":null}},"51":{"start":{"line":218,"column":18},"end":{"line":218,"column":null}},"52":{"start":{"line":219,"column":19},"end":{"line":219,"column":null}},"53":{"start":{"line":221,"column":6},"end":{"line":226,"column":null}},"54":{"start":{"line":222,"column":8},"end":{"line":225,"column":null}},"55":{"start":{"line":223,"column":10},"end":{"line":223,"column":null}},"56":{"start":{"line":223,"column":37},"end":{"line":223,"column":null}},"57":{"start":{"line":224,"column":10},"end":{"line":224,"column":null}},"58":{"start":{"line":227,"column":6},"end":{"line":227,"column":null}},"59":{"start":{"line":229,"column":6},"end":{"line":229,"column":null}},"60":{"start":{"line":234,"column":4},"end":{"line":239,"column":null}},"61":{"start":{"line":235,"column":19},"end":{"line":235,"column":null}},"62":{"start":{"line":236,"column":6},"end":{"line":236,"column":null}},"63":{"start":{"line":238,"column":6},"end":{"line":238,"column":null}},"64":{"start":{"line":243,"column":21},"end":{"line":243,"column":null}},"65":{"start":{"line":244,"column":4},"end":{"line":244,"column":null}},"66":{"start":{"line":245,"column":4},"end":{"line":245,"column":null}},"67":{"start":{"line":245,"column":15},"end":{"line":245,"column":null}},"68":{"start":{"line":246,"column":4},"end":{"line":246,"column":null}},"69":{"start":{"line":250,"column":4},"end":{"line":250,"column":null}},"70":{"start":{"line":254,"column":4},"end":{"line":254,"column":null}},"71":{"start":{"line":258,"column":4},"end":{"line":258,"column":null}},"72":{"start":{"line":262,"column":4},"end":{"line":262,"column":null}},"73":{"start":{"line":270,"column":4},"end":{"line":270,"column":null}},"74":{"start":{"line":274,"column":4},"end":{"line":274,"column":null}},"75":{"start":{"line":278,"column":4},"end":{"line":280,"column":null}},"76":{"start":{"line":284,"column":23},"end":{"line":284,"column":null}},"77":{"start":{"line":285,"column":4},"end":{"line":285,"column":null}},"78":{"start":{"line":286,"column":4},"end":{"line":286,"column":null}},"79":{"start":{"line":290,"column":4},"end":{"line":295,"column":null}},"80":{"start":{"line":291,"column":6},"end":{"line":291,"column":null}},"81":{"start":{"line":292,"column":6},"end":{"line":292,"column":null}},"82":{"start":{"line":294,"column":6},"end":{"line":294,"column":null}},"83":{"start":{"line":299,"column":4},"end":{"line":304,"column":null}},"84":{"start":{"line":300,"column":21},"end":{"line":300,"column":null}},"85":{"start":{"line":301,"column":6},"end":{"line":301,"column":null}},"86":{"start":{"line":303,"column":6},"end":{"line":303,"column":null}},"87":{"start":{"line":308,"column":18},"end":{"line":308,"column":null}},"88":{"start":{"line":309,"column":4},"end":{"line":314,"column":null}},"89":{"start":{"line":310,"column":6},"end":{"line":310,"column":null}},"90":{"start":{"line":311,"column":6},"end":{"line":311,"column":null}},"91":{"start":{"line":313,"column":6},"end":{"line":313,"column":null}},"92":{"start":{"line":319,"column":26},"end":{"line":319,"column":null}},"93":{"start":{"line":322,"column":32},"end":{"line":322,"column":null}},"94":{"start":{"line":322,"column":38},"end":{"line":322,"column":null}},"95":{"start":{"line":323,"column":30},"end":{"line":323,"column":null}},"96":{"start":{"line":323,"column":68},"end":{"line":323,"column":null}},"97":{"start":{"line":324,"column":32},"end":{"line":324,"column":null}},"98":{"start":{"line":324,"column":38},"end":{"line":324,"column":null}},"99":{"start":{"line":325,"column":32},"end":{"line":325,"column":null}},"100":{"start":{"line":325,"column":88},"end":{"line":325,"column":null}},"101":{"start":{"line":326,"column":32},"end":{"line":326,"column":null}},"102":{"start":{"line":326,"column":54},"end":{"line":326,"column":null}},"103":{"start":{"line":327,"column":36},"end":{"line":327,"column":null}},"104":{"start":{"line":327,"column":42},"end":{"line":327,"column":null}},"105":{"start":{"line":328,"column":36},"end":{"line":328,"column":null}},"106":{"start":{"line":328,"column":66},"end":{"line":328,"column":null}},"107":{"start":{"line":329,"column":36},"end":{"line":329,"column":null}},"108":{"start":{"line":329,"column":57},"end":{"line":329,"column":null}}},"fnMap":{"0":{"name":"(anonymous_0)","decl":{"start":{"line":55,"column":2},"end":{"line":55,"column":14}},"loc":{"start":{"line":55,"column":28},"end":{"line":60,"column":null}},"line":55},"1":{"name":"(anonymous_1)","decl":{"start":{"line":65,"column":8},"end":{"line":65,"column":25}},"loc":{"start":{"line":65,"column":82},"end":{"line":103,"column":null}},"line":65},"2":{"name":"(anonymous_2)","decl":{"start":{"line":83,"column":54},"end":{"line":83,"column":61}},"loc":{"start":{"line":83,"column":61},"end":{"line":83,"column":64}},"line":83},"3":{"name":"(anonymous_3)","decl":{"start":{"line":108,"column":8},"end":{"line":108,"column":21}},"loc":{"start":{"line":108,"column":85},"end":{"line":120,"column":null}},"line":108},"4":{"name":"(anonymous_4)","decl":{"start":{"line":110,"column":32},"end":{"line":110,"column":33}},"loc":{"start":{"line":110,"column":41},"end":{"line":114,"column":5}},"line":110},"5":{"name":"(anonymous_5)","decl":{"start":{"line":125,"column":8},"end":{"line":125,"column":22}},"loc":{"start":{"line":125,"column":68},"end":{"line":130,"column":null}},"line":125},"6":{"name":"(anonymous_6)","decl":{"start":{"line":135,"column":8},"end":{"line":135,"column":21}},"loc":{"start":{"line":135,"column":67},"end":{"line":140,"column":null}},"line":135},"7":{"name":"(anonymous_7)","decl":{"start":{"line":145,"column":8},"end":{"line":145,"column":24}},"loc":{"start":{"line":145,"column":54},"end":{"line":149,"column":null}},"line":145},"8":{"name":"(anonymous_8)","decl":{"start":{"line":155,"column":8},"end":{"line":155,"column":22}},"loc":{"start":{"line":155,"column":22},"end":{"line":157,"column":null}},"line":155},"9":{"name":"(anonymous_9)","decl":{"start":{"line":159,"column":8},"end":{"line":159,"column":20}},"loc":{"start":{"line":159,"column":20},"end":{"line":161,"column":null}},"line":159},"10":{"name":"(anonymous_10)","decl":{"start":{"line":163,"column":8},"end":{"line":163,"column":20}},"loc":{"start":{"line":163,"column":20},"end":{"line":165,"column":null}},"line":163},"11":{"name":"(anonymous_11)","decl":{"start":{"line":167,"column":8},"end":{"line":167,"column":21}},"loc":{"start":{"line":167,"column":34},"end":{"line":169,"column":null}},"line":167},"12":{"name":"(anonymous_12)","decl":{"start":{"line":171,"column":8},"end":{"line":171,"column":19}},"loc":{"start":{"l
[...]
type":"default-arg","locations":[{"start":{"line":55,"column":24},"end":{"line":55,"column":28}}],"line":55},"1":{"loc":{"start":{"line":65,"column":43},"end":{"line":65,"column":82}},"type":"default-arg","locations":[{"start":{"line":65,"column":66},"end":{"line":65,"column":82}}],"line":65},"2":{"loc":{"start":{"line":68,"column":4},"end":{"line":71,"column":null}},"type":"if","locations":[{"start":{"line":68,"column":4},"end":{"line":71,"column":null}},{"start":{},"end":{}}],"line":68},"3":{"loc":{"start":{"line":68,"column":8},"end":{"line":68,"column":79}},"type":"binary-expr","locations":[{"start":{"line":68,"column":8},"end":{"line":68,"column":17}},{"start":{"line":68,"column":17},"end":{"line":68,"column":79}}],"line":68},"4":{"loc":{"start":{"line":68,"column":19},"end":{"line":68,"column":79}},"type":"binary-expr","locations":[{"start":{"line":68,"column":19},"end":{"line":68,"column":39}},{"start":{"line":68,"column":39},"end":{"line":68,"column":79}}],"line":68},"5":{"loc":{"start":{"line":69,"column":6},"end":{"line":69,"column":null}},"type":"if","locations":[{"start":{"line":69,"column":6},"end":{"line":69,"column":null}},{"start":{},"end":{}}],"line":69},"6":{"loc":{"start":{"line":73,"column":16},"end":{"line":73,"column":null}},"type":"cond-expr","locations":[{"start":{"line":73,"column":46},"end":{"line":73,"column":57}},{"start":{"line":73,"column":57},"end":{"line":73,"column":null}}],"line":73},"7":{"loc":{"start":{"line":82,"column":6},"end":{"line":89,"column":null}},"type":"if","locations":[{"start":{"line":82,"column":6},"end":{"line":89,"column":null}},{"start":{},"end":{}}],"line":82},"8":{"loc":{"start":{"line":85,"column":10},"end":{"line":87,"column":null}},"type":"binary-expr","locations":[{"start":{"line":85,"column":10},"end":{"line":85,"column":null}},{"start":{"line":86,"column":10},"end":{"line":86,"column":null}},{"start":{"line":87,"column":10},"end":{"line":87,"column":null}}],"line":85},"9":{"loc":{"start":{"line":92,"column":6},"end":{"line":94,"column":null}},"type":"if","locations":[{"start":{"line":92,"column":6},"end":{"line":94,"column":null}},{"start":{},"end":{}}],"line":92},"10":{"loc":{"start":{"line":92,"column":10},"end":{"line":92,"column":67}},"type":"binary-expr","locations":[{"start":{"line":92,"column":10},"end":{"line":92,"column":25}},{"start":{"line":92,"column":25},"end":{"line":92,"column":67}}],"line":92},"11":{"loc":{"start":{"line":98,"column":6},"end":{"line":100,"column":null}},"type":"if","locations":[{"start":{"line":98,"column":6},"end":{"line":100,"column":null}},{"start":{},"end":{}}],"line":98},"12":{"loc":{"start":{"line":98,"column":10},"end":{"line":98,"column":73}},"type":"binary-expr","locations":[{"start":{"line":98,"column":10},"end":{"line":98,"column":40}},{"start":{"line":98,"column":40},"end":{"line":98,"column":73}}],"line":98},"13":{"loc":{"start":{"line":108,"column":39},"end":{"line":108,"column":85}},"type":"default-arg","locations":[{"start":{"line":108,"column":69},"end":{"line":108,"column":85}}],"line":108},"14":{"loc":{"start":{"line":109,"column":24},"end":{"line":109,"column":119}},"type":"cond-expr","locations":[{"start":{"line":109,"column":54},"end":{"line":109,"column":65}},{"start":{"line":109,"column":65},"end":{"line":109,"column":119}}],"line":109},"15":{"loc":{"start":{"line":109,"column":68},"end":{"line":109,"column":106}},"type":"binary-expr","locations":[{"start":{"line":109,"column":68},"end":{"line":109,"column":84}},{"start":{"line":109,"column":84},"end":{"line":109,"column":106}}],"line":109},"16":{"loc":{"start":{"line":111,"column":6},"end":{"line":113,"column":null}},"type":"if","locations":[{"start":{"line":111,"column":6},"end":{"line":113,"column":null}},{"start":{},"end":{}}],"line":111},"17":{"loc":{"start":{"line":111,"column":10},"end":{"line":111,"column":61}},"type":"binary-expr","locations":[{"start":{"line":111,"column":10},"end":{"line":111,"column":39}},{"start":{"line":111,"column":39},"end":{"line":111,"column":61}}],"line":111},"18":{"loc":{"start":{"line":116,"column":19},"end":{"line":116,"column":null}},"type":"cond-expr","locations":[{"start":{"line":116,"column":49},"end":{"line":116,"column":66}},{"start":{"line":116,"column":66},"end":{"line":116,"column":null}}],"line":116},"19":{"loc":{"start":{"line":125,"column":40},"end":{"line":125,"column":68}},"type":"default-arg","locations":[{"start":{"line":125,"column":52},"end":{"line":125,"column":68}}],"line":125},"20":{"loc":{"start":{"line":128,"column":12},"end":{"line":128,"column":null}},"type":"cond-expr","locations":[{"start":{"line":128,"column":39},"end":{"line":128,"column":46}},{"start":{"line":128,"column":46},"end":{"line":128,"column":null}}],"line":128},"21":{"loc":{"start":{"line":135,"column":39},"end":{"line":135,"column":67}},"type":"default-arg","locations":[{"start":{"line":135,"column":51},"end":{"line":135,"column":67}}],"line":135},"22":{"loc":{"start":{"line":179,"column":40},"end":{"line":179,"column":57}},"type":"default-arg","locations":[{"start":{"line":179,"column":53},"end":{"line":179,"column":57}}],"line":179},"23":{"loc":{"start":{"line":199,"column":6},"end":{"line":199,"column":null}},"type":"if","locations":[{"start":{"line":199,"column":6},"end":{"line":199,"column":null}},{"start":{},"end":{}}],"line":199},"24":{"loc":{"start":{"line":199,"column":10},"end":{"line":199,"column":35}},"type":"binary-expr","locations":[{"start":{"line":199,"column":10},"end":{"line":199,"column":19}},{"start":{"line":199,"column":19},"end":{"line":199,"column":35}}],"line":199},"25":{"loc":{"start":{"line":202,"column":24},"end":{"line":202,"column":51}},"type":"binary-expr","locations":[{"start":{"line":202,"column":24},"end":{"line":202,"column":42}},{"start":{"line":202,"column":42},"end":{"line":202,"column":51}}],"line":202},"26":{"loc":{"start":{"line":204,"column":32},"end":{"line":204,"column":55}},"type":"binary-expr","locations":[{"start":{"line":204,"column":32},"end":{"line":204,"column":52}},{"start":{"line":204,"column":52},"end":{"line":204,"column":55}}],"line":204},"27":{"loc":{"start":{"line":205,"column":36},"end":{"line":205,"column":59}},"type":"binary-expr","locations":[{"start":{"line":205,"column":36},"end":{"line":205,"column":56}},{"start":{"line":205,"column":56},"end":{"line":205,"column":59}}],"line":205},"28":{"loc":{"start":{"line":206,"column":35},"end":{"line":206,"column":57}},"type":"binary-expr","locations":[{"start":{"line":206,"column":35},"end":{"line":206,"column":54}},{"start":{"line":206,"column":54},"end":{"line":206,"column":57}}],"line":206},"29":{"loc":{"start":{"line":216,"column":6},"end":{"line":216,"column":null}},"type":"if","locations":[{"start":{"line":216,"column":6},"end":{"line":216,"column":null}},{"start":{},"end":{}}],"line":216},"30":{"loc":{"start":{"line":221,"column":6},"end":{"line":226,"column":null}},"type":"if","locations":[{"start":{"line":221,"column":6},"end":{"line":226,"column":null}},{"start":{},"end":{}}],"line":221},"31":{"loc":{"start":{"line":221,"column":10},"end":{"line":221,"column":50}},"type":"binary-expr","locations":[{"start":{"line":221,"column":10},"end":{"line":221,"column":24}},{"start":{"line":221,"column":24},"end":{"line":221,"column":50}}],"line":221},"32":{"loc":{"start":{"line":223,"column":10},"end":{"line":223,"column":null}},"type":"if","locations":[{"start":{"line":223,"column":10},"end":{"line":223,"column":null}},{"start":{},"end":{}}],"line":223},"33":{"loc":{"start":{"line":224,"column":24},"end":{"line":224,"column":51}},"type":"binary-expr","locations":[{"start":{"line":224,"column":24},"end":{"line":224,"column":32}},{"start":{"line":224,"column":32},"end":{"line":224,"column":42}},{"start":{"line":224,"column":42},"end":{"line":224,"column":51}}],"line":224},"34":{"loc":{"start":{"line":245,"column":4},"end":{"line":245,"column":null}},"type":"if","locations":[{"start":{"line":245,"column":4},"end":{"line":245,"column":null}},{"start":{},"end":{}}],"line":245},"35":{"loc":{"start":{"line":301,"column":13},"end":{"line":301,"column":null}},"type":"binary-expr","locations":[{"start":{"line":301,"column":13},"end":{"line":301,"column":31}},{"start":{"line":301,"column":31},"end":{"line":301,"column":null}}],"line":301}},"s":{"0":1,"1":1,"2":14,"3":14,"4":1,"5":1,"6":1,"7":14,"8":14,"9":14,"10":14,"11":13,"12":1,"13":0,"14":1,"15":12,"16":12,"17":12,"18":0,"19":2,"20":0,"21":2,"22":9,"23":9,"24":1,"25":1,"26":9,"27":9,"28":3,"29":0,"30":2,"31":1,"32":0,"33":0,"34":0,"35":0,"36":0,"37":0,"38":0,"39":0,"40":1,"41":1,"42":1,"43":0,"44":1,"45":1,"46":0,"47":1,"48":1,"49":1,"50":1,"51":1,"52":1,"53":1,"54":1,"55":2,"56":1,"57":1,"58":0,"59":0,"60":1,"61":1,"62":1,"63":0,"64":1,"65":1,"66":1,"67":1,"68":1,"69":1,"70":1,"71":1,"72":1,"73":1,"74":0,"75":0,"76":0,"77":0,"78":0,"79":0,"80":0,"81":0,"82":0,"83":0,"84":0,"85":0,"86":0,"87":0,"88":0,"89":0,"90":0,"91":0,"92":1,"93":1,"94":0,"95":1,"96":0,"97":1,"98":0,"99":1,"100":0,"101":1,"102":0,"103":1,"104":0,"105":1,"106":0,"107":1,"108":0},"f":{"0":1,"1":14,"2":0,"3":9,"4":1,"5":3,"6":0,"7":2,"8":1,"9":0,"10":0,"11":0,"12":0,"13":0,"14":0,"15":0,"16":0,"17":1,"18":1,"19":1,"20":2,"21":1,"22":1,"23":1,"24":1,"25":1,"26":1,"27":1,"28":0,"29":0,"30":0,"31":0,"32":0,"33":0,"34":0,"35":0,"36":0,"37":0,"38":0,"39":0,"40":0,"41":0},"b":{"0":[1],"1":[14],"2":[1,13],"3":[14,1],"4":[1,0],"5":[1,0],"6":[1,13],"7":[1,12],"8":[1,1,1],"9":[12,0],"10":[12,12],"11":[0,2],"12":[2,0],"13":[9],"14":[1,8],"15":[8,0],"16":[1,0],"17":[1,1],"18":[1,8],"19":[3],"20":[1,2],"21":[0],"22":[0],"23":[0,1],"24":[1,1],"25":[1,0],"26":[1,0],"27":[1,0],"28":[1,1],"29":[1,0],"30":[1,0],"31":[1,1],"32":[1,1],"33":[1,0,0],"34":[1,0],"35":[0,0]},"meta":{"lastBranch":36,"lastFunction":42,"lastStatement":109,"seen":{"f:55:2:55:14":0,"b:55:24:55:28":0,"s:56:4:56:Infinity":0,"s:57:4:59:Infinity":1,"f:65:8:65:25":1,"b:65:66:65:82":1,"s:67:18:67:Infinity":2,"b:68:4:71:Infinity:undefined:undefined:undefined:undefined":2,"s:68:4:71:Infinity":3,"b:68:8:68:17:68:17:68:79":3,"b:68:19:68:39:68:39:68:79":4,"b:69:6:69:Infinity:undefined:undefined:undefined:undefined":5,"s:69:6:69:Infinity":4,"s:69:28:69:Infinity":5,"s:70:7:70:Infinity":6,"s:73:16:73:Infinity":7,"b:73:46:73:57:73:57:73:Infinity":6,"s:74:19:77:Infinity":8,"s:79:4:102:Infinity":9,"s:80:23:80:Infinity":10,"b:82:6:89:Infinity:undefined:undefined:undefined:undefined":7,"s:82:6:89:Infinity":11,"s:83:26:83:Infinity":12,"f:83:54:83:61":2,"s:83:61:83:64":13,"s:84:8:88:Infinity":14,"b:85:10:85:Infinity:86:10:86:Infinity:87:10:87:Infinity":8,"s:91:26:91:Infinity":15,"b:92:6:94:Infinity:undefined:undefined:undefined:undefined":9,"s:92:6:94:Infinity":16,"b:92:10:92:25:92:25:92:67":10,"s:93:8:93:Infinity":17,"s:96:6:96:Infinity":18,"b:98:6:100:Infinity:undefined:undefined:undefined:undefined":11,"s:98:6:100:Infinity":19,"b:98:10:98:40:98:40:98:73":12,"s:99:8:99:Infinity":20,"s:101:6:101:Infinity":21,"f:108:8:108:21":3,"b:108:69:108:85":13,"s:109:16:109:Infinity":22,"b:109:54:109:65:109:65:109:119":14,"b:109:68:109:84:109:84:109:106":15,"s:110:4:114:Infinity":23,"f:110:32:110:33":4,"b:111:6:113:Infinity:undefined:undefined:undefined:undefined":16,"s:111:6:113:Infinity":24,"b:111:10:111:39:111:39:111:61":17,"s:112:8:112:Infinity":25,"s:116:19:116:Infinity":26,"b:116:49:116:66:116:66:116:Infinity":18,"s:117:4:119:Infinity":27,"f:125:8:125:22":5,"b:125:52:125:68":19,"s:126:4:129:Infinity":28,"b:128:39:128:46:128:46:128:Infinity":20,"f:135:8:135:21":6,"b:135:51:135:67":21,"s:136:4:139:Infinity":29,"f:145:8:145:24":7,"s:146:4:148:Infinity":30,"f:155:8:155:22":8,"s:156:4:156:Infinity":31,"f:159:8:159:20":9,"s:160:4:160:Infinity":32,"f:163:8:163:20":10,"s:164:4:164:Infinity":33,"f:167:8:167:21":11,"s:168:4:168:Infinity":34,"f:171:8:171:19":12,"s:172:4:172:Infinity":35,"f:175:8:175:20":13,"s:176:4:176:Infinity":36,"f:179:8:179:23":14,"b:179:53:179:57":22,"s:180:4:183:Infinity":37,"f:186:8:186:22":15,"s:187:4:187:Infinity":38,"f:190:8:190:22":16,"s:191:4:191:Infinity":39,"f:196:8:196:45":17,"s:197:4:210:Infinity":40,"s:198:19:198:Infinity":41,"b:199:6:199:Infinity:undefined:undefined:undefined:undefined":23,"s:199:6:199:Infinity":42,"b:199:10:199:19:199:19:199:35":24,"s:199:35:199:Infinity":43,"s:200:6:207:Infinity":44,"f:200:90:200:91":18,"s:200:107:207:8":45,"b:202:24:202:42:202:42:202:51":25,"b:204:32:204:52:204:52:204:55":26,"b:205:36:205:56:205:56:205:59":27,"b:206:35:206:54:206:54:206:57":28,"s:209:6:209:Infinity":46,"f:213:8:213:23":19,"s:214:4:230:Infinity":47,"s:215:46:215:Infinity":48,"b:216:6:216:Infinity:undefined:undefined:undefined:undefined":29,"s:216:6:216:Infinity":49,"s:216:18:216:Infinity":50,"s:218:18:218:Infinity":51,"s:219:19:219:Infinity":52,"b:221:6:226:Infinity:undefined:undefined:undefined:undefined":30,"s:221:6:226:Infinity":53,"b:221:10:221:24:221:24:221:50":31,"s:222:8:225:Infinity":54,"f:222:29:222:30":20,"b:223:10:223:Infinity:undefined:undefined:undefined:undefined":32,"s:223:10:223:Infinity":55,"s:223:37:223:Infinity":56,"s:224:10:224:Infinity":57,"b:224:24:224:32:224:32:224:42:224:42:224:51":33,"s:227:6:227:Infinity":58,"s:229:6:229:Infinity":59,"f:233:8:233:53":21,"s:234:4:239:Infinity":60,"s:235:19:235:Infinity":61,"s:236:6:236:Infinity":62,"s:238:6:238:Infinity":63,"f:242:8:242:25":22,"s:243:21:243:Infinity":64,"s:244:4:244:Infinity":65,"b:245:4:245:Infinity:undefined:undefined:undefined:undefined":34,"s:245:4:245:Infinity":66,"s:245:15:245:Infinity":67,"s:246:4:246:Infinity":68,"f:249:8:249:25":23,"s:250:4:250:Infinity":69,"f:253:8:253:58":24,"s:254:4:254:Infinity":70,"f:257:8:257:29":25,"s:258:4:258:Infinity":71,"f:261:8:261:29":26,"s:262:4:262:Infinity":72,"f:269:2:269:13":27,"s:270:4:270:Infinity":73,"f:273:2:273:20":28,"s:274:4:274:Infinity":74,"f:277:2:277:15":29,"s:278:4:280:Infinity":75,"f:283:2:283:19":30,"s:284:23:284:Infinity":76,"s:285:4:285:Infinity":77,"s:286:4:286:Infinity":78,"f:289:8:289:28":31,"s:290:4:295:Infinity":79,"s:291:6:291:Infinity":80,"s:292:6:292:Infinity":81,"s:294:6:294:Infinity":82,"f:298:8:298:21":32,"s:299:4:304:Infinity":83,"s:300:21:300:Infinity":84,"s:301:6:301:Infinity":85,"b:301:13:301:31:301:31:301:Infinity":35,"s:303:6:303:Infinity":86,"f:307:8:307:15":33,"s:308:18:308:Infinity":87,"s:309:4:314:Infinity":88,"s:310:6:310:Infinity":89,"s:311:6:311:Infinity":90,"s:313:6:313:Infinity":91,"s:319:26:319:Infinity":92,"s:322:32:322:Infinity":93,"f:322:32:322:38":34,"s:322:38:322:Infinity":94,"s:323:30:323:Infinity":95,"f:323:30:323:31":35,"s:323:68:323:Infinity":96,"s:324:32:324:Infinity":97,"f:324:32:324:38":36,"s:324:38:324:Infinity":98,"s:325:32:325:Infinity":99,"f:325:32:325:33":37,"s:325:88:325:Infinity":100,"s:326:32:326:Infinity":101,"f:326:32:326:33":38,"s:326:54:326:Infinity":102,"s:327:36:327:Infinity":103,"f:327:36:327:42":39,"s:327:42:327:Infinity":104,"s:328:36:328:Infinity":105,"f:328:36:328:37":40,"s:328:66:328:Infinity":106,"s:329:36:329:Infinity":107,"f:329:36:329:37":41,"s:329:57:329:Infinity":108}}}
,"/home/matthewh/chatty-commander/webui/frontend/src/services/authService.ts": {"path":"/home/matthewh/chatty-commander/webui/frontend/src/services/authService.ts","statementMap":{"0":{"start":{"line":15,"column":20},"end":{"line":15,"column":null}},"1":{"start":{"line":18,"column":21},"end":{"line":24,"column":null}},"2":{"start":{"line":26,"column":4},"end":{"line":28,"column":null}},"3":{"start":{"line":27,"column":6},"end":{"line":27,"column":null}},"4":{"start":{"line":30,"column":4},"end":{"line":30,"column":null}},"5":{"start":{"line":34,"column":18},"end":{"line":34,"column":null}},"6":{"start":{"line":36,"column":4},"end":{"line":50,"column":null}},"7":{"start":{"line":37,"column":6},"end":{"line":49,"column":null}},"8":{"start":{"line":38,"column":25},"end":{"line":40,"column":null}},"9":{"start":{"line":41,"column":8},"end":{"line":45,"column":null}},"10":{"start":{"line":42,"column":10},"end":{"line":42,"column":null}},"11":{"start":{"line":44,"column":10},"end":{"line":44,"column":null}},"12":{"start":{"line":47,"column":8},"end":{"line":47,"column":null}},"13":{"start":{"line":47,"column":53},"end":{"line":47,"column":null}},"14":{"start":{"line":53,"column":4},"end":{"line":62,"column":null}},"15":{"start":{"line":54,"column":24},"end":{"line":54,"column":null}},"16":{"start":{"line":55,"column":22},"end":{"line":55,"column":null}},"17":{"start":{"line":56,"column":6},"end":{"line":59,"column":null}},"18":{"start":{"line":58,"column":8},"end":{"line":58,"column":null}},"19":{"start":{"line":64,"column":4},"end":{"line":66,"column":null}},"20":{"start":{"line":65,"column":6},"end":{"line":65,"column":null}},"21":{"start":{"line":68,"column":4},"end":{"line":68,"column":null}},"22":{"start":{"line":72,"column":4},"end":{"line":72,"column":null}},"23":{"start":{"line":76,"column":27},"end":{"line":76,"column":null}}},"fnMap":{"0":{"name":"(anonymous_0)","decl":{"start":{"line":17,"column":8},"end":{"line":17,"column":14}},"loc":{"start":{"line":17,"column":74},"end":{"line":31,"column":null}},"line":17},"1":{"name":"(anonymous_1)","decl":{"start":{"line":33,"column":8},"end":{"line":33,"column":40}},"loc":{"start":{"line":33,"column":40},"end":{"line":69,"column":null}},"line":33},"2":{"name":"(anonymous_2)","decl":{"start":{"line":71,"column":2},"end":{"line":71,"column":17}},"loc":{"start":{"line":71,"column":17},"end":{"line":73,"column":null}},"line":71}},"branchMap":{"0":{"loc":{"start":{"line":26,"column":4},"end":{"line":28,"column":null}},"type":"if","locations":[{"start":{"line":26,"column":4},"end":{"line":28,"column":null}},{"start":{},"end":{}}],"line":26},"1":{"loc":{"start":{"line":36,"column":4},"end":{"line":50,"column":null}},"type":"if","locations":[{"start":{"line":36,"column":4},"end":{"line":50,"column":null}},{"start":{},"end":{}}],"line":36},"2":{"loc":{"start":{"line":41,"column":8},"end":{"line":45,"column":null}},"type":"if","locations":[{"start":{"line":41,"column":8},"end":{"line":45,"column":null}},{"start":{"line":43,"column":15},"end":{"line":45,"column":null}}],"line":41},"3":{"loc":{"start":{"line":47,"column":8},"end":{"line":47,"column":null}},"type":"if","locations":[{"start":{"line":47,"column":8},"end":{"line":47,"column":null}},{"start":{},"end":{}}],"line":47},"4":{"loc":{"start":{"line":56,"column":6},"end":{"line":59,"column":null}},"type":"if","locations":[{"start":{"line":56,"column":6},"end":{"line":59,"column":null}},{"start":{},"end":{}}],"line":56},"5":{"loc":{"start":{"line":64,"column":4},"end":{"line":66,"column":null}},"type":"if","locations":[{"start":{"line":64,"column":4},"end":{"line":66,"column":null}},{"start":{},"end":{}}],"line":64}},"s":{"0":1,"1":2,"2":2,"3":1,"4":1,"5":3,"6":3,"7":2,"8":2,"9":2,"10":1,"11":1,"12":1,"13":1,"14":1,"15":1,"16":1,"17":1,"18":0,"19":1,"20":1,"21":0,"22":1,"23":1},"f":{"0":2,"1":3,"2":1},"b":{"0":[1,1],"1":[2,1],"2":[1,1],"3":[1,0],"4":[0,1],"5":[1,0]},"meta":{"lastBranch":6,"lastFunction":3,"lastStatement":24,"seen":{"s:15:20:15:Infinity":0,"f:17:8:17:14":0,"s:18:21:24:Infinity":1,"b:26:4:28:Infinity:undefined:undefined:undefined:undefined":0,"s:26:4:28:Infinity":2,"s:27:6:27:Infinity":3,"s:30:4:30:Infinity":4,"f:33:8:33:40":1,"s:34:18:34:Infinity":5,"b:36:4:50:Infinity:undefined:undefined:undefined:undefined":1,"s:36:4:50:Infinity":6,"s:37:6:49:Infinity":7,"s:38:25:40:Infinity":8,"b:41:8:45:Infinity:43:15:45:Infinity":2,"s:41:8:45:Infinity":9,"s:42:10:42:Infinity":10,"s:44:10:44:Infinity":11,"b:47:8:47:Infinity:undefined:undefined:undefined:undefined":3,"s:47:8:47:Infinity":12,"s:47:53:47:Infinity":13,"s:53:4:62:Infinity":14,"s:54:24:54:Infinity":15,"s:55:22:55:Infinity":16,"b:56:6:59:Infinity:undefined:undefined:undefined:undefined":4,"s:56:6:59:Infinity":17,"s:58:8:58:Infinity":18,"b:64:4:66:Infinity:undefined:undefined:undefined:undefined":5,"s:64:4:66:Infinity":19,"s:65:6:65:Infinity":20,"s:68:4:68:Infinity":21,"f:71:2:71:17":2,"s:72:4:72:Infinity":22,"s:76:27:76:Infinity":23}}}
}
